[ 25%] Built target wall_finder_server
[35m[1mConsolidate compiler generated dependencies of target lap_time_client[0m
[ 37%] [32mBuilding CXX object CMakeFiles/lap_time_client.dir/src/lap_time_client.cpp.o[0m
In file included from [01m[K/home/mohamad/Inmind/Robotics-Session9-Assignment/Session9_ros2_ws/src/robot_navigation/src/lap_time_client.cpp:1[m[K:
[01m[K/home/mohamad/Inmind/Robotics-Session9-Assignment/Session9_ros2_ws/src/robot_navigation/src/lap_time_client.h:7:28:[m[K [01;31m[Kerror: [m[Kâ€˜[01m[Klap_time_server[m[Kâ€™ does not name a type
    7 |     using MeasureLapTime = [01;31m[Klap_time_server[m[K::action::MeasureLapTime;
      |                            [01;31m[K^~~~~~~~~~~~~~~[m[K
[01m[K/home/mohamad/Inmind/Robotics-Session9-Assignment/Session9_ros2_ws/src/robot_navigation/src/lap_time_client.h:8:70:[m[K [01;31m[Kerror: [m[Kâ€˜[01m[KMeasureLapTime[m[Kâ€™ was not declared in this scope; did you mean â€˜[01m[Kcustom_interfaces::action::MeasureLapTime[m[Kâ€™?
    8 |     using GoalHandleMeasureLapTime = rclcpp_action::ClientGoalHandle<[01;31m[KMeasureLapTime[m[K>;
      |                                                                      [01;31m[K^~~~~~~~~~~~~~[m[K
      |                                                                      [32m[Kcustom_interfaces::action::MeasureLapTime[m[K
In file included from [01m[K/home/mohamad/Inmind/Robotics-Session9-Assignment/Session9_ros2_ws/build/custom_interfaces/rosidl_generator_cpp/custom_interfaces/action/measure_lap_time.hpp:7[m[K,
                 from [01m[K/home/mohamad/Inmind/Robotics-Session9-Assignment/Session9_ros2_ws/src/robot_navigation/src/lap_time_client.h:3[m[K,
                 from [01m[K/home/mohamad/Inmind/Robotics-Session9-Assignment/Session9_ros2_ws/src/robot_navigation/src/lap_time_client.cpp:1[m[K:
[01m[K/home/mohamad/Inmind/Robotics-Session9-Assignment/Session9_ros2_ws/build/custom_interfaces/rosidl_generator_cpp/custom_interfaces/action/detail/measure_lap_time__struct.hpp:1050:31:[m[K [01;36m[Knote: [m[Kâ€˜[01m[Kcustom_interfaces::action::MeasureLapTime[m[Kâ€™ declared here
 1050 | typedef struct MeasureLapTime [01;36m[KMeasureLapTime[m[K;
      |                               [01;36m[K^~~~~~~~~~~~~~[m[K
In file included from [01m[K/home/mohamad/Inmind/Robotics-Session9-Assignment/Session9_ros2_ws/src/robot_navigation/src/lap_time_client.cpp:1[m[K:
[01m[K/home/mohamad/Inmind/Robotics-Session9-Assignment/Session9_ros2_ws/src/robot_navigation/src/lap_time_client.h:8:84:[m[K [01;31m[Kerror: [m[Ktemplate argument 1 is invalid
    8 |     using GoalHandleMeasureLapTime = rclcpp_action::ClientGoalHandle<MeasureLapTime[01;31m[K>[m[K;
      |                                                                                    [01;31m[K^[m[K
[01m[K/home/mohamad/Inmind/Robotics-Session9-Assignment/Session9_ros2_ws/src/robot_navigation/src/lap_time_client.h:14:27:[m[K [01;31m[Kerror: [m[Kâ€˜[01m[KMeasureLapTime[m[Kâ€™ was not declared in this scope; did you mean â€˜[01m[Kcustom_interfaces::action::MeasureLapTime[m[Kâ€™?
   14 |     rclcpp_action::Client<[01;31m[KMeasureLapTime[m[K>::SharedPtr client_;
      |                           [01;31m[K^~~~~~~~~~~~~~[m[K
      |                           [32m[Kcustom_interfaces::action::MeasureLapTime[m[K
In file included from [01m[K/home/mohamad/Inmind/Robotics-Session9-Assignment/Session9_ros2_ws/build/custom_interfaces/rosidl_generator_cpp/custom_interfaces/action/measure_lap_time.hpp:7[m[K,
                 from [01m[K/home/mohamad/Inmind/Robotics-Session9-Assignment/Session9_ros2_ws/src/robot_navigation/src/lap_time_client.h:3[m[K,
                 from [01m[K/home/mohamad/Inmind/Robotics-Session9-Assignment/Session9_ros2_ws/src/robot_navigation/src/lap_time_client.cpp:1[m[K:
[01m[K/home/mohamad/Inmind/Robotics-Session9-Assignment/Session9_ros2_ws/build/custom_interfaces/rosidl_generator_cpp/custom_interfaces/action/detail/measure_lap_time__struct.hpp:1050:31:[m[K [01;36m[Knote: [m[Kâ€˜[01m[Kcustom_interfaces::action::MeasureLapTime[m[Kâ€™ declared here
 1050 | typedef struct MeasureLapTime [01;36m[KMeasureLapTime[m[K;
      |                               [01;36m[K^~~~~~~~~~~~~~[m[K
In file included from [01m[K/home/mohamad/Inmind/Robotics-Session9-Assignment/Session9_ros2_ws/src/robot_navigation/src/lap_time_client.cpp:1[m[K:
[01m[K/home/mohamad/Inmind/Robotics-Session9-Assignment/Session9_ros2_ws/src/robot_navigation/src/lap_time_client.h:14:41:[m[K [01;31m[Kerror: [m[Ktemplate argument 1 is invalid
   14 |     rclcpp_action::Client<MeasureLapTime[01;31m[K>[m[K::SharedPtr client_;
      |                                         [01;31m[K^[m[K
[01m[K/home/mohamad/Inmind/Robotics-Session9-Assignment/Session9_ros2_ws/src/robot_navigation/src/lap_time_client.h:14:44:[m[K [01;31m[Kerror: [m[Kexpected â€˜[01m[K;[m[Kâ€™ at end of member declaration
   14 |     rclcpp_action::Client<MeasureLapTime>::[01;31m[KSharedPtr[m[K client_;
      |                                            [01;31m[K^~~~~~~~~[m[K
      |                                                     [32m[K;[m[K
[01m[K/home/mohamad/Inmind/Robotics-Session9-Assignment/Session9_ros2_ws/src/robot_navigation/src/lap_time_client.h:14:54:[m[K [01;31m[Kerror: [m[Kâ€˜[01m[Kclient_[m[Kâ€™ does not name a type
   14 |     rclcpp_action::Client<MeasureLapTime>::SharedPtr [01;31m[Kclient_[m[K;
      |                                                      [01;31m[K^~~~~~~[m[K
[01m[K/home/mohamad/Inmind/Robotics-Session9-Assignment/Session9_ros2_ws/src/robot_navigation/src/lap_time_client.h:18:52:[m[K [01;31m[Kerror: [m[Kâ€˜[01m[KGoalHandleMeasureLapTime[m[Kâ€™ was not declared in this scope
   18 |     void goal_response_callback(std::shared_future<[01;31m[KGoalHandleMeasureLapTime[m[K::SharedPtr> future);
      |                                                    [01;31m[K^~~~~~~~~~~~~~~~~~~~~~~~[m[K
[01m[K/home/mohamad/Inmind/Robotics-Session9-Assignment/Session9_ros2_ws/src/robot_navigation/src/lap_time_client.h:18:87:[m[K [01;31m[Kerror: [m[Ktemplate argument 1 is invalid
   18 |     void goal_response_callback(std::shared_future<GoalHandleMeasureLapTime::SharedPtr[01;31m[K>[m[K future);
      |                                                                                       [01;31m[K^[m[K
[01m[K/home/mohamad/Inmind/Robotics-Session9-Assignment/Session9_ros2_ws/src/robot_navigation/src/lap_time_client.h:18:52:[m[K [01;31m[Kerror: [m[Kâ€˜[01m[KGoalHandleMeasureLapTime[m[Kâ€™ was not declared in this scope
   18 |     void goal_response_callback(std::shared_future<[01;31m[KGoalHandleMeasureLapTime[m[K::SharedPtr> future);
      |                                                    [01;31m[K^~~~~~~~~~~~~~~~~~~~~~~~[m[K
[01m[K/home/mohamad/Inmind/Robotics-Session9-Assignment/Session9_ros2_ws/src/robot_navigation/src/lap_time_client.h:18:87:[m[K [01;31m[Kerror: [m[Ktemplate argument 1 is invalid
   18 |     void goal_response_callback(std::shared_future<GoalHandleMeasureLapTime::SharedPtr[01;31m[K>[m[K future);
      |                                                                                       [01;31m[K^[m[K
[01m[K/home/mohamad/Inmind/Robotics-Session9-Assignment/Session9_ros2_ws/src/robot_navigation/src/lap_time_client.h:18:52:[m[K [01;31m[Kerror: [m[Kâ€˜[01m[KGoalHandleMeasureLapTime[m[Kâ€™ was not declared in this scope
   18 |     void goal_response_callback(std::shared_future<[01;31m[KGoalHandleMeasureLapTime[m[K::SharedPtr> future);
      |                                                    [01;31m[K^~~~~~~~~~~~~~~~~~~~~~~~[m[K
[01m[K/home/mohamad/Inmind/Robotics-Session9-Assignment/Session9_ros2_ws/src/robot_navigation/src/lap_time_client.h:18:87:[m[K [01;31m[Kerror: [m[Ktemplate argument 1 is invalid
   18 |     void goal_response_callback(std::shared_future<GoalHandleMeasureLapTime::SharedPtr[01;31m[K>[m[K future);
      |                                                                                       [01;31m[K^[m[K
[01m[K/home/mohamad/Inmind/Robotics-Session9-Assignment/Session9_ros2_ws/src/robot_navigation/src/lap_time_client.h:18:33:[m[K [01;31m[Kerror: [m[Kinvalid template-id
   18 |     void goal_response_callback([01;31m[Kstd[m[K::shared_future<GoalHandleMeasureLapTime::SharedPtr> future);
      |                                 [01;31m[K^~~[m[K
[01m[K/home/mohamad/Inmind/Robotics-Session9-Assignment/Session9_ros2_ws/src/robot_navigation/src/lap_time_client.h:18:52:[m[K [01;31m[Kerror: [m[Kâ€˜[01m[KGoalHandleMeasureLapTime[m[Kâ€™ has not been declared
   18 |     void goal_response_callback(std::shared_future<[01;31m[KGoalHandleMeasureLapTime[m[K::SharedPtr> future);
      |                                                    [01;31m[K^~~~~~~~~~~~~~~~~~~~~~~~[m[K
[01m[K/home/mohamad/Inmind/Robotics-Session9-Assignment/Session9_ros2_ws/src/robot_navigation/src/lap_time_client.h:18:33:[m[K [01;31m[Kerror: [m[Kclass template placeholder â€˜[01m[Kstd::shared_future[m[Kâ€™ not permitted in this context
   18 |     void goal_response_callback([01;31m[Kstd[m[K::shared_future<GoalHandleMeasureLapTime::SharedPtr> future);
      |                                 [01;31m[K^~~[m[K
[01m[K/home/mohamad/Inmind/Robotics-Session9-Assignment/Session9_ros2_ws/src/robot_navigation/src/lap_time_client.h:20:9:[m[K [01;31m[Kerror: [m[Kâ€˜[01m[KGoalHandleMeasureLapTime[m[Kâ€™ has not been declared
   20 |         [01;31m[KGoalHandleMeasureLapTime[m[K::SharedPtr,
      |         [01;31m[K^~~~~~~~~~~~~~~~~~~~~~~~[m[K
[01m[K/home/mohamad/Inmind/Robotics-Session9-Assignment/Session9_ros2_ws/src/robot_navigation/src/lap_time_client.h:21:51:[m[K [01;31m[Kerror: [m[KISO C++ forbids declaration of â€˜[01m[Ktype name[m[Kâ€™ with no type [[01;31m[K]8;;https://gcc.gnu.org/onlinedocs/gcc/Warning-Options.html#index-fpermissive-fpermissive]8;;[m[K]
   21 |         const std::shared_ptr<const MeasureLapTime[01;31m[K::[m[KFeedback> feedback);
      |                                                   [01;31m[K^~[m[K
[01m[K/home/mohamad/Inmind/Robotics-Session9-Assignment/Session9_ros2_ws/src/robot_navigation/src/lap_time_client.h:21:61:[m[K [01;31m[Kerror: [m[Ktemplate argument 1 is invalid
   21 |         const std::shared_ptr<const MeasureLapTime::Feedback[01;31m[K>[m[K feedback);
      |                                                             [01;31m[K^[m[K
[01m[K/home/mohamad/Inmind/Robotics-Session9-Assignment/Session9_ros2_ws/src/robot_navigation/src/lap_time_client.h:21:51:[m[K [01;31m[Kerror: [m[KISO C++ forbids declaration of â€˜[01m[Ktype name[m[Kâ€™ with no type [[01;31m[K]8;;https://gcc.gnu.org/onlinedocs/gcc/Warning-Options.html#index-fpermissive-fpermissive]8;;[m[K]
   21 |         const std::shared_ptr<const MeasureLapTime[01;31m[K::[m[KFeedback> feedback);
      |                                                   [01;31m[K^~[m[K
[01m[K/home/mohamad/Inmind/Robotics-Session9-Assignment/Session9_ros2_ws/src/robot_navigation/src/lap_time_client.h:21:61:[m[K [01;31m[Kerror: [m[Ktemplate argument 1 is invalid
   21 |         const std::shared_ptr<const MeasureLapTime::Feedback[01;31m[K>[m[K feedback);
      |                                                             [01;31m[K^[m[K
[01m[K/home/mohamad/Inmind/Robotics-Session9-Assignment/Session9_ros2_ws/src/robot_navigation/src/lap_time_client.h:21:51:[m[K [01;31m[Kerror: [m[KISO C++ forbids declaration of â€˜[01m[Ktype name[m[Kâ€™ with no type [[01;31m[K]8;;https://gcc.gnu.org/onlinedocs/gcc/Warning-Options.html#index-fpermissive-fpermissive]8;;[m[K]
   21 |         const std::shared_ptr<const MeasureLapTime[01;31m[K::[m[KFeedback> feedback);
      |                                                   [01;31m[K^~[m[K
[01m[K/home/mohamad/Inmind/Robotics-Session9-Assignment/Session9_ros2_ws/src/robot_navigation/src/lap_time_client.h:21:61:[m[K [01;31m[Kerror: [m[Ktemplate argument 1 is invalid
   21 |         const std::shared_ptr<const MeasureLapTime::Feedback[01;31m[K>[m[K feedback);
      |                                                             [01;31m[K^[m[K
[01m[K/home/mohamad/Inmind/Robotics-Session9-Assignment/Session9_ros2_ws/src/robot_navigation/src/lap_time_client.h:21:15:[m[K [01;31m[Kerror: [m[Kinvalid template-id
   21 |         const [01;31m[Kstd[m[K::shared_ptr<const MeasureLapTime::Feedback> feedback);
      |               [01;31m[K^~~[m[K
[01m[K/home/mohamad/Inmind/Robotics-Session9-Assignment/Session9_ros2_ws/src/robot_navigation/src/lap_time_client.h:21:51:[m[K [01;31m[Kerror: [m[KISO C++ forbids declaration of â€˜[01m[Ktype name[m[Kâ€™ with no type [[01;31m[K]8;;https://gcc.gnu.org/onlinedocs/gcc/Warning-Options.html#index-fpermissive-fpermissive]8;;[m[K]
   21 |         const std::shared_ptr<const MeasureLapTime[01;31m[K::[m[KFeedback> feedback);
      |                                                   [01;31m[K^~[m[K
[01m[K/home/mohamad/Inmind/Robotics-Session9-Assignment/Session9_ros2_ws/src/robot_navigation/src/lap_time_client.h:21:31:[m[K [01;31m[Kerror: [m[Kexpected primary-expression before â€˜[01m[Kconst[m[Kâ€™
   21 |         const std::shared_ptr<[01;31m[Kconst[m[K MeasureLapTime::Feedback> feedback);
      |                               [01;31m[K^~~~~[m[K
[01m[K/home/mohamad/Inmind/Robotics-Session9-Assignment/Session9_ros2_ws/src/robot_navigation/src/lap_time_client.h:21:31:[m[K [01;31m[Kerror: [m[Kexpected â€˜[01m[K>[m[Kâ€™ before â€˜[01m[Kconst[m[Kâ€™
[01m[K/home/mohamad/Inmind/Robotics-Session9-Assignment/Session9_ros2_ws/src/robot_navigation/src/lap_time_client.h:21:9:[m[K [01;31m[Kerror: [m[Kclass template placeholder â€˜[01m[Kstd::shared_ptr[m[Kâ€™ not permitted in this context
   21 |         [01;31m[Kconst[m[K std::shared_ptr<const MeasureLapTime::Feedback> feedback);
      |         [01;31m[K^~~~~[m[K
[01m[K/home/mohamad/Inmind/Robotics-Session9-Assignment/Session9_ros2_ws/src/robot_navigation/src/lap_time_client.h:22:64:[m[K [01;31m[Kerror: [m[Kâ€˜[01m[KMeasureLapTime[m[Kâ€™ was not declared in this scope; did you mean â€˜[01m[Kcustom_interfaces::action::MeasureLapTime[m[Kâ€™?
   22 |     void result_callback(const rclcpp_action::ClientGoalHandle<[01;31m[KMeasureLapTime[m[K>::WrappedResult & result);
      |                                                                [01;31m[K^~~~~~~~~~~~~~[m[K
      |                                                                [32m[Kcustom_interfaces::action::MeasureLapTime[m[K
In file included from [01m[K/home/mohamad/Inmind/Robotics-Session9-Assignment/Session9_ros2_ws/build/custom_interfaces/rosidl_generator_cpp/custom_interfaces/action/measure_lap_time.hpp:7[m[K,
                 from [01m[K/home/mohamad/Inmind/Robotics-Session9-Assignment/Session9_ros2_ws/src/robot_navigation/src/lap_time_client.h:3[m[K,
                 from [01m[K/home/mohamad/Inmind/Robotics-Session9-Assignment/Session9_ros2_ws/src/robot_navigation/src/lap_time_client.cpp:1[m[K:
[01m[K/home/mohamad/Inmind/Robotics-Session9-Assignment/Session9_ros2_ws/build/custom_interfaces/rosidl_generator_cpp/custom_interfaces/action/detail/measure_lap_time__struct.hpp:1050:31:[m[K [01;36m[Knote: [m[Kâ€˜[01m[Kcustom_interfaces::action::MeasureLapTime[m[Kâ€™ declared here
 1050 | typedef struct MeasureLapTime [01;36m[KMeasureLapTime[m[K;
      |                               [01;36m[K^~~~~~~~~~~~~~[m[K
In file included from [01m[K/home/mohamad/Inmind/Robotics-Session9-Assignment/Session9_ros2_ws/src/robot_navigation/src/lap_time_client.cpp:1[m[K:
[01m[K/home/mohamad/Inmind/Robotics-Session9-Assignment/Session9_ros2_ws/src/robot_navigation/src/lap_time_client.h:22:78:[m[K [01;31m[Kerror: [m[Ktemplate argument 1 is invalid
   22 |     void result_callback(const rclcpp_action::ClientGoalHandle<MeasureLapTime[01;31m[K>[m[K::WrappedResult & result);
      |                                                                              [01;31m[K^[m[K
[01m[K/home/mohamad/Inmind/Robotics-Session9-Assignment/Session9_ros2_ws/src/robot_navigation/src/lap_time_client.h:22:95:[m[K [01;31m[Kerror: [m[Kexpected â€˜[01m[K,[m[Kâ€™ or â€˜[01m[K...[m[Kâ€™ before â€˜[01m[K&[m[Kâ€™ token
   22 |     void result_callback(const rclcpp_action::ClientGoalHandle<MeasureLapTime>::WrappedResult [01;31m[K&[m[K result);
      |                                                                                               [01;31m[K^[m[K
[01m[K/home/mohamad/Inmind/Robotics-Session9-Assignment/Session9_ros2_ws/src/robot_navigation/src/lap_time_client.h:[m[K In constructor â€˜[01m[KLapTimeClient::LapTimeClient(const rclcpp::NodeOptions&)[m[Kâ€™:
[01m[K/home/mohamad/Inmind/Robotics-Session9-Assignment/Session9_ros2_ws/src/robot_navigation/src/lap_time_client.h:11:39:[m[K [01;31m[Kerror: [m[Kexpected â€˜[01m[K{[m[Kâ€™ at end of input
   11 |     : Node("lap_time_client", options)[01;31m[K;[m[K
      |                                       [01;31m[K^[m[K
[01m[K/home/mohamad/Inmind/Robotics-Session9-Assignment/Session9_ros2_ws/src/robot_navigation/src/lap_time_client.cpp:[m[K At global scope:
[01m[K/home/mohamad/Inmind/Robotics-Session9-Assignment/Session9_ros2_ws/src/robot_navigation/src/lap_time_client.cpp:3:5:[m[K [01;31m[Kerror: [m[Kâ€˜[01m[Kexplicit[m[Kâ€™ outside class declaration
    3 |     [01;31m[Kexplicit[m[K LapTimeClient::LapTimeClient(const rclcpp::NodeOptions & options = rclcpp::NodeOptions())
      |     [01;31m[K^~~~~~~~[m[K
[01m[K/home/mohamad/Inmind/Robotics-Session9-Assignment/Session9_ros2_ws/src/robot_navigation/src/lap_time_client.cpp:3:14:[m[K [01;31m[Kerror: [m[Kredefinition of â€˜[01m[KLapTimeClient::LapTimeClient(const rclcpp::NodeOptions&)[m[Kâ€™
    3 |     explicit [01;31m[KLapTimeClient[m[K::LapTimeClient(const rclcpp::NodeOptions & options = rclcpp::NodeOptions())
      |              [01;31m[K^~~~~~~~~~~~~[m[K
In file included from [01m[K/home/mohamad/Inmind/Robotics-Session9-Assignment/Session9_ros2_ws/src/robot_navigation/src/lap_time_client.cpp:1[m[K:
[01m[K/home/mohamad/Inmind/Robotics-Session9-Assignment/Session9_ros2_ws/src/robot_navigation/src/lap_time_client.h:10:14:[m[K [01;36m[Knote: [m[Kâ€˜[01m[KLapTimeClient::LapTimeClient(const rclcpp::NodeOptions&)[m[Kâ€™ previously defined here
   10 |     explicit [01;36m[KLapTimeClient[m[K(const rclcpp::NodeOptions & options = rclcpp::NodeOptions())
      |              [01;36m[K^~~~~~~~~~~~~[m[K
[01m[K/home/mohamad/Inmind/Robotics-Session9-Assignment/Session9_ros2_ws/src/robot_navigation/src/lap_time_client.cpp:[m[K In member function â€˜[01m[Kvoid LapTimeClient::send_goal()[m[Kâ€™:
[01m[K/home/mohamad/Inmind/Robotics-Session9-Assignment/Session9_ros2_ws/src/robot_navigation/src/lap_time_client.cpp:21:14:[m[K [01;31m[Kerror: [m[Kâ€˜[01m[Kclient_[m[Kâ€™ was not declared in this scope
   21 |         if (![01;31m[Kclient_[m[K->wait_for_action_server(std::chrono::seconds(5))) {
      |              [01;31m[K^~~~~~~[m[K
[01m[K/home/mohamad/Inmind/Robotics-Session9-Assignment/Session9_ros2_ws/src/robot_navigation/src/lap_time_client.cpp:27:25:[m[K [01;31m[Kerror: [m[Kâ€˜[01m[KMeasureLapTime[m[Kâ€™ has not been declared
   27 |         auto goal_msg = [01;31m[KMeasureLapTime[m[K::Goal();
      |                         [01;31m[K^~~~~~~~~~~~~~[m[K
[01m[K/home/mohamad/Inmind/Robotics-Session9-Assignment/Session9_ros2_ws/src/robot_navigation/src/lap_time_client.cpp:28:67:[m[K [01;31m[Kerror: [m[Kexpected primary-expression before â€˜[01m[K;[m[Kâ€™ token
   28 |         goal_msg.some_field = /* set the appropriate goal field */[01;31m[K;[m[K
      |                                                                   [01;31m[K^[m[K
[01m[K/home/mohamad/Inmind/Robotics-Session9-Assignment/Session9_ros2_ws/src/robot_navigation/src/lap_time_client.cpp:30:35:[m[K [01;31m[Kerror: [m[Kâ€˜[01m[Kclient_[m[Kâ€™ was not declared in this scope
   30 |         auto goal_handle_future = [01;31m[Kclient_[m[K->async_send_goal(
      |                                   [01;31m[K^~~~~~~[m[K
[01m[K/home/mohamad/Inmind/Robotics-Session9-Assignment/Session9_ros2_ws/src/robot_navigation/src/lap_time_client.cpp:[m[K At global scope:
[01m[K/home/mohamad/Inmind/Robotics-Session9-Assignment/Session9_ros2_ws/src/robot_navigation/src/lap_time_client.cpp:38:67:[m[K [01;31m[Kerror: [m[Kâ€˜[01m[KGoalHandleMeasureLapTime[m[Kâ€™ was not declared in this scope
   38 |     void LapTimeClient::goal_response_callback(std::shared_future<[01;31m[KGoalHandleMeasureLapTime[m[K::SharedPtr> future)
      |                                                                   [01;31m[K^~~~~~~~~~~~~~~~~~~~~~~~[m[K
[01m[K/home/mohamad/Inmind/Robotics-Session9-Assignment/Session9_ros2_ws/src/robot_navigation/src/lap_time_client.cpp:38:102:[m[K [01;31m[Kerror: [m[Ktemplate argument 1 is invalid
   38 |     void LapTimeClient::goal_response_callback(std::shared_future<GoalHandleMeasureLapTime::SharedPtr[01;31m[K>[m[K future)
      |                                                                                                      [01;31m[K^[m[K
[01m[K/home/mohamad/Inmind/Robotics-Session9-Assignment/Session9_ros2_ws/src/robot_navigation/src/lap_time_client.cpp:38:67:[m[K [01;31m[Kerror: [m[Kâ€˜[01m[KGoalHandleMeasureLapTime[m[Kâ€™ was not declared in this scope
   38 |     void LapTimeClient::goal_response_callback(std::shared_future<[01;31m[KGoalHandleMeasureLapTime[m[K::SharedPtr> future)
      |                                                                   [01;31m[K^~~~~~~~~~~~~~~~~~~~~~~~[m[K
[01m[K/home/mohamad/Inmind/Robotics-Session9-Assignment/Session9_ros2_ws/src/robot_navigation/src/lap_time_client.cpp:38:102:[m[K [01;31m[Kerror: [m[Ktemplate argument 1 is invalid
   38 |     void LapTimeClient::goal_response_callback(std::shared_future<GoalHandleMeasureLapTime::SharedPtr[01;31m[K>[m[K future)
      |                                                                                                      [01;31m[K^[m[K
[01m[K/home/mohamad/Inmind/Robotics-Session9-Assignment/Session9_ros2_ws/src/robot_navigation/src/lap_time_client.cpp:38:67:[m[K [01;31m[Kerror: [m[Kâ€˜[01m[KGoalHandleMeasureLapTime[m[Kâ€™ was not declared in this scope
   38 |     void LapTimeClient::goal_response_callback(std::shared_future<[01;31m[KGoalHandleMeasureLapTime[m[K::SharedPtr> future)
      |                                                                   [01;31m[K^~~~~~~~~~~~~~~~~~~~~~~~[m[K
[01m[K/home/mohamad/Inmind/Robotics-Session9-Assignment/Session9_ros2_ws/src/robot_navigation/src/lap_time_client.cpp:38:102:[m[K [01;31m[Kerror: [m[Ktemplate argument 1 is invalid
   38 |     void LapTimeClient::goal_response_callback(std::shared_future<GoalHandleMeasureLapTime::SharedPtr[01;31m[K>[m[K future)
      |                                                                                                      [01;31m[K^[m[K
[01m[K/home/mohamad/Inmind/Robotics-Session9-Assignment/Session9_ros2_ws/src/robot_navigation/src/lap_time_client.cpp:38:48:[m[K [01;31m[Kerror: [m[Kinvalid template-id
   38 |     void LapTimeClient::goal_response_callback([01;31m[Kstd[m[K::shared_future<GoalHandleMeasureLapTime::SharedPtr> future)
      |                                                [01;31m[K^~~[m[K
[01m[K/home/mohamad/Inmind/Robotics-Session9-Assignment/Session9_ros2_ws/src/robot_navigation/src/lap_time_client.cpp:38:67:[m[K [01;31m[Kerror: [m[Kâ€˜[01m[KGoalHandleMeasureLapTime[m[Kâ€™ was not declared in this scope
   38 |     void LapTimeClient::goal_response_callback(std::shared_future<[01;31m[KGoalHandleMeasureLapTime[m[K::SharedPtr> future)
      |                                                                   [01;31m[K^~~~~~~~~~~~~~~~~~~~~~~~[m[K
[01m[K/home/mohamad/Inmind/Robotics-Session9-Assignment/Session9_ros2_ws/src/robot_navigation/src/lap_time_client.cpp:38:10:[m[K [01;31m[Kerror: [m[Kvariable or field â€˜[01m[Kgoal_response_callback[m[Kâ€™ declared void
   38 |     void [01;31m[KLapTimeClient[m[K::goal_response_callback(std::shared_future<GoalHandleMeasureLapTime::SharedPtr> future)
      |          [01;31m[K^~~~~~~~~~~~~[m[K
[01m[K/home/mohamad/Inmind/Robotics-Session9-Assignment/Session9_ros2_ws/src/robot_navigation/src/lap_time_client.cpp:38:104:[m[K [01;31m[Kerror: [m[Kmissing template arguments before â€˜[01m[Kfuture[m[Kâ€™
   38 |     void LapTimeClient::goal_response_callback(std::shared_future<GoalHandleMeasureLapTime::SharedPtr> [01;31m[Kfuture[m[K)
      |                                                                                                        [01;31m[K^~~~~~[m[K
[01m[K/home/mohamad/Inmind/Robotics-Session9-Assignment/Session9_ros2_ws/src/robot_navigation/src/lap_time_client.cpp:49:10:[m[K [01;31m[Kerror: [m[Kvariable or field â€˜[01m[Kfeedback_callback[m[Kâ€™ declared void
   49 |     void [01;31m[KLapTimeClient[m[K::feedback_callback(
      |          [01;31m[K^~~~~~~~~~~~~[m[K
[01m[K/home/mohamad/Inmind/Robotics-Session9-Assignment/Session9_ros2_ws/src/robot_navigation/src/lap_time_client.cpp:50:9:[m[K [01;31m[Kerror: [m[Kâ€˜[01m[KGoalHandleMeasureLapTime[m[Kâ€™ has not been declared
   50 |         [01;31m[KGoalHandleMeasureLapTime[m[K::SharedPtr,
      |         [01;31m[K^~~~~~~~~~~~~~~~~~~~~~~~[m[K
[01m[K/home/mohamad/Inmind/Robotics-Session9-Assignment/Session9_ros2_ws/src/robot_navigation/src/lap_time_client.cpp:51:9:[m[K [01;31m[Kerror: [m[Kexpected primary-expression before â€˜[01m[Kconst[m[Kâ€™
   51 |         [01;31m[Kconst[m[K std::shared_ptr<const MeasureLapTime::Feedback> feedback)
      |         [01;31m[K^~~~~[m[K
[01m[K/home/mohamad/Inmind/Robotics-Session9-Assignment/Session9_ros2_ws/src/robot_navigation/src/lap_time_client.cpp:56:79:[m[K [01;31m[Kerror: [m[Kâ€˜[01m[KMeasureLapTime[m[Kâ€™ was not declared in this scope; did you mean â€˜[01m[Kcustom_interfaces::action::MeasureLapTime[m[Kâ€™?
   56 |     void LapTimeClient::result_callback(const rclcpp_action::ClientGoalHandle<[01;31m[KMeasureLapTime[m[K>::WrappedResult & result)
      |                                                                               [01;31m[K^~~~~~~~~~~~~~[m[K
      |                                                                               [32m[Kcustom_interfaces::action::MeasureLapTime[m[K
In file included from [01m[K/home/mohamad/Inmind/Robotics-Session9-Assignment/Session9_ros2_ws/build/custom_interfaces/rosidl_generator_cpp/custom_interfaces/action/measure_lap_time.hpp:7[m[K,
                 from [01m[K/home/mohamad/Inmind/Robotics-Session9-Assignment/Session9_ros2_ws/src/robot_navigation/src/lap_time_client.h:3[m[K,
                 from [01m[K/home/mohamad/Inmind/Robotics-Session9-Assignment/Session9_ros2_ws/src/robot_navigation/src/lap_time_client.cpp:1[m[K:
[01m[K/home/mohamad/Inmind/Robotics-Session9-Assignment/Session9_ros2_ws/build/custom_interfaces/rosidl_generator_cpp/custom_interfaces/action/detail/measure_lap_time__struct.hpp:1050:31:[m[K [01;36m[Knote: [m[Kâ€˜[01m[Kcustom_interfaces::action::MeasureLapTime[m[Kâ€™ declared here
 1050 | typedef struct MeasureLapTime [01;36m[KMeasureLapTime[m[K;
      |                               [01;36m[K^~~~~~~~~~~~~~[m[K
[01m[K/home/mohamad/Inmind/Robotics-Session9-Assignment/Session9_ros2_ws/src/robot_navigation/src/lap_time_client.cpp:56:93:[m[K [01;31m[Kerror: [m[Ktemplate argument 1 is invalid
   56 |     void LapTimeClient::result_callback(const rclcpp_action::ClientGoalHandle<MeasureLapTime[01;31m[K>[m[K::WrappedResult & result)
      |                                                                                             [01;31m[K^[m[K
[01m[K/home/mohamad/Inmind/Robotics-Session9-Assignment/Session9_ros2_ws/src/robot_navigation/src/lap_time_client.cpp:56:110:[m[K [01;31m[Kerror: [m[Kexpected â€˜[01m[K,[m[Kâ€™ or â€˜[01m[K...[m[Kâ€™ before â€˜[01m[K&[m[Kâ€™ token
   56 |     void LapTimeClient::result_callback(const rclcpp_action::ClientGoalHandle<MeasureLapTime>::WrappedResult [01;31m[K&[m[K result)
      |                                                                                                              [01;31m[K^[m[K
[01m[K/home/mohamad/Inmind/Robotics-Session9-Assignment/Session9_ros2_ws/src/robot_navigation/src/lap_time_client.cpp:[m[K In member function â€˜[01m[Kvoid LapTimeClient::result_callback(int)[m[Kâ€™:
[01m[K/home/mohamad/Inmind/Robotics-Session9-Assignment/Session9_ros2_ws/src/robot_navigation/src/lap_time_client.cpp:58:17:[m[K [01;31m[Kerror: [m[Kâ€˜[01m[Kresult[m[Kâ€™ was not declared in this scope
   58 |         switch ([01;31m[Kresult[m[K.code) {
      |                 [01;31m[K^~~~~~[m[K
[01m[K/home/mohamad/Inmind/Robotics-Session9-Assignment/Session9_ros2_ws/src/robot_navigation/src/lap_time_client.cpp:56:96:[m[K [01;35m[Kwarning: [m[Kunused parameter â€˜[01m[KWrappedResult[m[Kâ€™ [[01;35m[K]8;;https://gcc.gnu.org/onlinedocs/gcc/Warning-Options.html#index-Wunused-parameter-Wunused-parameter]8;;[m[K]
   56 |     void LapTimeClient::result_callback([01;35m[Kconst rclcpp_action::ClientGoalHandle<MeasureLapTime>::WrappedResult[m[K & result)
      |                                         [01;35m[K~~~~~~~~~~~~~~~~~~~~~~~~~~~~~~~~~~~~~~~~~~~~~~~~~~~~~~~^~~~~~~~~~~~~[m[K
gmake[2]: *** [CMakeFiles/lap_time_client.dir/build.make:76: CMakeFiles/lap_time_client.dir/src/lap_time_client.cpp.o] Error 1
gmake[1]: *** [CMakeFiles/Makefile2:221: CMakeFiles/lap_time_client.dir/all] Error 2
gmake: *** [Makefile:146: all] Error 2
