[0.193s] Invoking command in '/home/mohamad/Inmind/Robotics-Session9-Assignment/Session9_ros2_ws/build/robot_navigation': CMAKE_PREFIX_PATH=/home/mohamad/Inmind/Robotics-Session9-Assignment/Session9_ros2_ws/install/custom_interfaces:/home/mohamad/Inmind/Robotics-Session9-Assignment/Session9_ros2_ws/install/robot_navigation:/home/mohamad/Inmind/Robotics-Session7-Assignment/Session7_ros2_ws/install/custom_interfaces:/home/mohamad/Inmind/Robotics-Session6-Assignment/Session6_ros2_ws/install/custom_interfaces:/home/mohamad/Inmind/Robotics-Session7-Assignment/Session7_ros2_ws/install/navigation_robot:/home/mohamad/Inmind/Robotics-Session6-Assignment/Session6_ros2_ws/install/session6_assignment:/home/mohamad/Inmind/ros2_ws/install/session5_academy:/home/mohamad/Inmind/Robotics-Session5-Ros2/session5_ros2_ws/install/session5_assignment:/home/mohamad/ros2_ws/install/my_robot_controller:/opt/ros/humble /usr/bin/cmake --build /home/mohamad/Inmind/Robotics-Session9-Assignment/Session9_ros2_ws/build/robot_navigation -- -j4 -l4
[0.501s] [ 25%] Built target wall_finder_server
[0.587s] [35m[1mConsolidate compiler generated dependencies of target lap_time_client[0m
[0.666s] [ 37%] [32mBuilding CXX object CMakeFiles/lap_time_client.dir/src/lap_time_client.cpp.o[0m
[8.698s] In file included from [01m[K/home/mohamad/Inmind/Robotics-Session9-Assignment/Session9_ros2_ws/src/robot_navigation/src/lap_time_client.cpp:1[m[K:
[8.698s] [01m[K/home/mohamad/Inmind/Robotics-Session9-Assignment/Session9_ros2_ws/src/robot_navigation/src/lap_time_client.h:7:28:[m[K [01;31m[Kerror: [m[Kâ€˜[01m[Klap_time_server[m[Kâ€™ does not name a type
[8.698s]     7 |     using MeasureLapTime = [01;31m[Klap_time_server[m[K::action::MeasureLapTime;
[8.700s]       |                            [01;31m[K^~~~~~~~~~~~~~~[m[K
[8.700s] [01m[K/home/mohamad/Inmind/Robotics-Session9-Assignment/Session9_ros2_ws/src/robot_navigation/src/lap_time_client.h:8:70:[m[K [01;31m[Kerror: [m[Kâ€˜[01m[KMeasureLapTime[m[Kâ€™ was not declared in this scope; did you mean â€˜[01m[Kcustom_interfaces::action::MeasureLapTime[m[Kâ€™?
[8.700s]     8 |     using GoalHandleMeasureLapTime = rclcpp_action::ClientGoalHandle<[01;31m[KMeasureLapTime[m[K>;
[8.700s]       |                                                                      [01;31m[K^~~~~~~~~~~~~~[m[K
[8.701s]       |                                                                      [32m[Kcustom_interfaces::action::MeasureLapTime[m[K
[8.701s] In file included from [01m[K/home/mohamad/Inmind/Robotics-Session9-Assignment/Session9_ros2_ws/build/custom_interfaces/rosidl_generator_cpp/custom_interfaces/action/measure_lap_time.hpp:7[m[K,
[8.701s]                  from [01m[K/home/mohamad/Inmind/Robotics-Session9-Assignment/Session9_ros2_ws/src/robot_navigation/src/lap_time_client.h:3[m[K,
[8.701s]                  from [01m[K/home/mohamad/Inmind/Robotics-Session9-Assignment/Session9_ros2_ws/src/robot_navigation/src/lap_time_client.cpp:1[m[K:
[8.701s] [01m[K/home/mohamad/Inmind/Robotics-Session9-Assignment/Session9_ros2_ws/build/custom_interfaces/rosidl_generator_cpp/custom_interfaces/action/detail/measure_lap_time__struct.hpp:1050:31:[m[K [01;36m[Knote: [m[Kâ€˜[01m[Kcustom_interfaces::action::MeasureLapTime[m[Kâ€™ declared here
[8.701s]  1050 | typedef struct MeasureLapTime [01;36m[KMeasureLapTime[m[K;
[8.701s]       |                               [01;36m[K^~~~~~~~~~~~~~[m[K
[8.701s] In file included from [01m[K/home/mohamad/Inmind/Robotics-Session9-Assignment/Session9_ros2_ws/src/robot_navigation/src/lap_time_client.cpp:1[m[K:
[8.701s] [01m[K/home/mohamad/Inmind/Robotics-Session9-Assignment/Session9_ros2_ws/src/robot_navigation/src/lap_time_client.h:8:84:[m[K [01;31m[Kerror: [m[Ktemplate argument 1 is invalid
[8.705s]     8 |     using GoalHandleMeasureLapTime = rclcpp_action::ClientGoalHandle<MeasureLapTime[01;31m[K>[m[K;
[8.706s]       |                                                                                    [01;31m[K^[m[K
[8.706s] [01m[K/home/mohamad/Inmind/Robotics-Session9-Assignment/Session9_ros2_ws/src/robot_navigation/src/lap_time_client.h:14:27:[m[K [01;31m[Kerror: [m[Kâ€˜[01m[KMeasureLapTime[m[Kâ€™ was not declared in this scope; did you mean â€˜[01m[Kcustom_interfaces::action::MeasureLapTime[m[Kâ€™?
[8.707s]    14 |     rclcpp_action::Client<[01;31m[KMeasureLapTime[m[K>::SharedPtr client_;
[8.707s]       |                           [01;31m[K^~~~~~~~~~~~~~[m[K
[8.707s]       |                           [32m[Kcustom_interfaces::action::MeasureLapTime[m[K
[8.707s] In file included from [01m[K/home/mohamad/Inmind/Robotics-Session9-Assignment/Session9_ros2_ws/build/custom_interfaces/rosidl_generator_cpp/custom_interfaces/action/measure_lap_time.hpp:7[m[K,
[8.707s]                  from [01m[K/home/mohamad/Inmind/Robotics-Session9-Assignment/Session9_ros2_ws/src/robot_navigation/src/lap_time_client.h:3[m[K,
[8.707s]                  from [01m[K/home/mohamad/Inmind/Robotics-Session9-Assignment/Session9_ros2_ws/src/robot_navigation/src/lap_time_client.cpp:1[m[K:
[8.707s] [01m[K/home/mohamad/Inmind/Robotics-Session9-Assignment/Session9_ros2_ws/build/custom_interfaces/rosidl_generator_cpp/custom_interfaces/action/detail/measure_lap_time__struct.hpp:1050:31:[m[K [01;36m[Knote: [m[Kâ€˜[01m[Kcustom_interfaces::action::MeasureLapTime[m[Kâ€™ declared here
[8.707s]  1050 | typedef struct MeasureLapTime [01;36m[KMeasureLapTime[m[K;
[8.707s]       |                               [01;36m[K^~~~~~~~~~~~~~[m[K
[8.707s] In file included from [01m[K/home/mohamad/Inmind/Robotics-Session9-Assignment/Session9_ros2_ws/src/robot_navigation/src/lap_time_client.cpp:1[m[K:
[8.707s] [01m[K/home/mohamad/Inmind/Robotics-Session9-Assignment/Session9_ros2_ws/src/robot_navigation/src/lap_time_client.h:14:41:[m[K [01;31m[Kerror: [m[Ktemplate argument 1 is invalid
[8.707s]    14 |     rclcpp_action::Client<MeasureLapTime[01;31m[K>[m[K::SharedPtr client_;
[8.707s]       |                                         [01;31m[K^[m[K
[8.707s] [01m[K/home/mohamad/Inmind/Robotics-Session9-Assignment/Session9_ros2_ws/src/robot_navigation/src/lap_time_client.h:14:44:[m[K [01;31m[Kerror: [m[Kexpected â€˜[01m[K;[m[Kâ€™ at end of member declaration
[8.707s]    14 |     rclcpp_action::Client<MeasureLapTime>::[01;31m[KSharedPtr[m[K client_;
[8.707s]       |                                            [01;31m[K^~~~~~~~~[m[K
[8.708s]       |                                                     [32m[K;[m[K
[8.708s] [01m[K/home/mohamad/Inmind/Robotics-Session9-Assignment/Session9_ros2_ws/src/robot_navigation/src/lap_time_client.h:14:54:[m[K [01;31m[Kerror: [m[Kâ€˜[01m[Kclient_[m[Kâ€™ does not name a type
[8.708s]    14 |     rclcpp_action::Client<MeasureLapTime>::SharedPtr [01;31m[Kclient_[m[K;
[8.708s]       |                                                      [01;31m[K^~~~~~~[m[K
[8.724s] [01m[K/home/mohamad/Inmind/Robotics-Session9-Assignment/Session9_ros2_ws/src/robot_navigation/src/lap_time_client.h:18:52:[m[K [01;31m[Kerror: [m[Kâ€˜[01m[KGoalHandleMeasureLapTime[m[Kâ€™ was not declared in this scope
[8.724s]    18 |     void goal_response_callback(std::shared_future<[01;31m[KGoalHandleMeasureLapTime[m[K::SharedPtr> future);
[8.724s]       |                                                    [01;31m[K^~~~~~~~~~~~~~~~~~~~~~~~[m[K
[8.724s] [01m[K/home/mohamad/Inmind/Robotics-Session9-Assignment/Session9_ros2_ws/src/robot_navigation/src/lap_time_client.h:18:87:[m[K [01;31m[Kerror: [m[Ktemplate argument 1 is invalid
[8.724s]    18 |     void goal_response_callback(std::shared_future<GoalHandleMeasureLapTime::SharedPtr[01;31m[K>[m[K future);
[8.724s]       |                                                                                       [01;31m[K^[m[K
[8.738s] [01m[K/home/mohamad/Inmind/Robotics-Session9-Assignment/Session9_ros2_ws/src/robot_navigation/src/lap_time_client.h:18:52:[m[K [01;31m[Kerror: [m[Kâ€˜[01m[KGoalHandleMeasureLapTime[m[Kâ€™ was not declared in this scope
[8.738s]    18 |     void goal_response_callback(std::shared_future<[01;31m[KGoalHandleMeasureLapTime[m[K::SharedPtr> future);
[8.738s]       |                                                    [01;31m[K^~~~~~~~~~~~~~~~~~~~~~~~[m[K
[8.739s] [01m[K/home/mohamad/Inmind/Robotics-Session9-Assignment/Session9_ros2_ws/src/robot_navigation/src/lap_time_client.h:18:87:[m[K [01;31m[Kerror: [m[Ktemplate argument 1 is invalid
[8.739s]    18 |     void goal_response_callback(std::shared_future<GoalHandleMeasureLapTime::SharedPtr[01;31m[K>[m[K future);
[8.739s]       |                                                                                       [01;31m[K^[m[K
[8.758s] [01m[K/home/mohamad/Inmind/Robotics-Session9-Assignment/Session9_ros2_ws/src/robot_navigation/src/lap_time_client.h:18:52:[m[K [01;31m[Kerror: [m[Kâ€˜[01m[KGoalHandleMeasureLapTime[m[Kâ€™ was not declared in this scope
[8.758s]    18 |     void goal_response_callback(std::shared_future<[01;31m[KGoalHandleMeasureLapTime[m[K::SharedPtr> future);
[8.758s]       |                                                    [01;31m[K^~~~~~~~~~~~~~~~~~~~~~~~[m[K
[8.758s] [01m[K/home/mohamad/Inmind/Robotics-Session9-Assignment/Session9_ros2_ws/src/robot_navigation/src/lap_time_client.h:18:87:[m[K [01;31m[Kerror: [m[Ktemplate argument 1 is invalid
[8.758s]    18 |     void goal_response_callback(std::shared_future<GoalHandleMeasureLapTime::SharedPtr[01;31m[K>[m[K future);
[8.758s]       |                                                                                       [01;31m[K^[m[K
[8.758s] [01m[K/home/mohamad/Inmind/Robotics-Session9-Assignment/Session9_ros2_ws/src/robot_navigation/src/lap_time_client.h:18:33:[m[K [01;31m[Kerror: [m[Kinvalid template-id
[8.758s]    18 |     void goal_response_callback([01;31m[Kstd[m[K::shared_future<GoalHandleMeasureLapTime::SharedPtr> future);
[8.759s]       |                                 [01;31m[K^~~[m[K
[8.759s] [01m[K/home/mohamad/Inmind/Robotics-Session9-Assignment/Session9_ros2_ws/src/robot_navigation/src/lap_time_client.h:18:52:[m[K [01;31m[Kerror: [m[Kâ€˜[01m[KGoalHandleMeasureLapTime[m[Kâ€™ has not been declared
[8.759s]    18 |     void goal_response_callback(std::shared_future<[01;31m[KGoalHandleMeasureLapTime[m[K::SharedPtr> future);
[8.759s]       |                                                    [01;31m[K^~~~~~~~~~~~~~~~~~~~~~~~[m[K
[8.759s] [01m[K/home/mohamad/Inmind/Robotics-Session9-Assignment/Session9_ros2_ws/src/robot_navigation/src/lap_time_client.h:18:33:[m[K [01;31m[Kerror: [m[Kclass template placeholder â€˜[01m[Kstd::shared_future[m[Kâ€™ not permitted in this context
[8.759s]    18 |     void goal_response_callback([01;31m[Kstd[m[K::shared_future<GoalHandleMeasureLapTime::SharedPtr> future);
[8.759s]       |                                 [01;31m[K^~~[m[K
[8.760s] [01m[K/home/mohamad/Inmind/Robotics-Session9-Assignment/Session9_ros2_ws/src/robot_navigation/src/lap_time_client.h:20:9:[m[K [01;31m[Kerror: [m[Kâ€˜[01m[KGoalHandleMeasureLapTime[m[Kâ€™ has not been declared
[8.760s]    20 |         [01;31m[KGoalHandleMeasureLapTime[m[K::SharedPtr,
[8.760s]       |         [01;31m[K^~~~~~~~~~~~~~~~~~~~~~~~[m[K
[8.760s] [01m[K/home/mohamad/Inmind/Robotics-Session9-Assignment/Session9_ros2_ws/src/robot_navigation/src/lap_time_client.h:21:51:[m[K [01;31m[Kerror: [m[KISO C++ forbids declaration of â€˜[01m[Ktype name[m[Kâ€™ with no type [[01;31m[K]8;;https://gcc.gnu.org/onlinedocs/gcc/Warning-Options.html#index-fpermissive-fpermissive]8;;[m[K]
[8.760s]    21 |         const std::shared_ptr<const MeasureLapTime[01;31m[K::[m[KFeedback> feedback);
[8.761s]       |                                                   [01;31m[K^~[m[K
[8.761s] [01m[K/home/mohamad/Inmind/Robotics-Session9-Assignment/Session9_ros2_ws/src/robot_navigation/src/lap_time_client.h:21:61:[m[K [01;31m[Kerror: [m[Ktemplate argument 1 is invalid
[8.761s]    21 |         const std::shared_ptr<const MeasureLapTime::Feedback[01;31m[K>[m[K feedback);
[8.761s]       |                                                             [01;31m[K^[m[K
[8.761s] [01m[K/home/mohamad/Inmind/Robotics-Session9-Assignment/Session9_ros2_ws/src/robot_navigation/src/lap_time_client.h:21:51:[m[K [01;31m[Kerror: [m[KISO C++ forbids declaration of â€˜[01m[Ktype name[m[Kâ€™ with no type [[01;31m[K]8;;https://gcc.gnu.org/onlinedocs/gcc/Warning-Options.html#index-fpermissive-fpermissive]8;;[m[K]
[8.761s]    21 |         const std::shared_ptr<const MeasureLapTime[01;31m[K::[m[KFeedback> feedback);
[8.761s]       |                                                   [01;31m[K^~[m[K
[8.761s] [01m[K/home/mohamad/Inmind/Robotics-Session9-Assignment/Session9_ros2_ws/src/robot_navigation/src/lap_time_client.h:21:61:[m[K [01;31m[Kerror: [m[Ktemplate argument 1 is invalid
[8.761s]    21 |         const std::shared_ptr<const MeasureLapTime::Feedback[01;31m[K>[m[K feedback);
[8.761s]       |                                                             [01;31m[K^[m[K
[8.761s] [01m[K/home/mohamad/Inmind/Robotics-Session9-Assignment/Session9_ros2_ws/src/robot_navigation/src/lap_time_client.h:21:51:[m[K [01;31m[Kerror: [m[KISO C++ forbids declaration of â€˜[01m[Ktype name[m[Kâ€™ with no type [[01;31m[K]8;;https://gcc.gnu.org/onlinedocs/gcc/Warning-Options.html#index-fpermissive-fpermissive]8;;[m[K]
[8.761s]    21 |         const std::shared_ptr<const MeasureLapTime[01;31m[K::[m[KFeedback> feedback);
[8.761s]       |                                                   [01;31m[K^~[m[K
[8.761s] [01m[K/home/mohamad/Inmind/Robotics-Session9-Assignment/Session9_ros2_ws/src/robot_navigation/src/lap_time_client.h:21:61:[m[K [01;31m[Kerror: [m[Ktemplate argument 1 is invalid
[8.761s]    21 |         const std::shared_ptr<const MeasureLapTime::Feedback[01;31m[K>[m[K feedback);
[8.761s]       |                                                             [01;31m[K^[m[K
[8.762s] [01m[K/home/mohamad/Inmind/Robotics-Session9-Assignment/Session9_ros2_ws/src/robot_navigation/src/lap_time_client.h:21:15:[m[K [01;31m[Kerror: [m[Kinvalid template-id
[8.762s]    21 |         const [01;31m[Kstd[m[K::shared_ptr<const MeasureLapTime::Feedback> feedback);
[8.762s]       |               [01;31m[K^~~[m[K
[8.762s] [01m[K/home/mohamad/Inmind/Robotics-Session9-Assignment/Session9_ros2_ws/src/robot_navigation/src/lap_time_client.h:21:51:[m[K [01;31m[Kerror: [m[KISO C++ forbids declaration of â€˜[01m[Ktype name[m[Kâ€™ with no type [[01;31m[K]8;;https://gcc.gnu.org/onlinedocs/gcc/Warning-Options.html#index-fpermissive-fpermissive]8;;[m[K]
[8.762s]    21 |         const std::shared_ptr<const MeasureLapTime[01;31m[K::[m[KFeedback> feedback);
[8.762s]       |                                                   [01;31m[K^~[m[K
[8.762s] [01m[K/home/mohamad/Inmind/Robotics-Session9-Assignment/Session9_ros2_ws/src/robot_navigation/src/lap_time_client.h:21:31:[m[K [01;31m[Kerror: [m[Kexpected primary-expression before â€˜[01m[Kconst[m[Kâ€™
[8.762s]    21 |         const std::shared_ptr<[01;31m[Kconst[m[K MeasureLapTime::Feedback> feedback);
[8.762s]       |                               [01;31m[K^~~~~[m[K
[8.762s] [01m[K/home/mohamad/Inmind/Robotics-Session9-Assignment/Session9_ros2_ws/src/robot_navigation/src/lap_time_client.h:21:31:[m[K [01;31m[Kerror: [m[Kexpected â€˜[01m[K>[m[Kâ€™ before â€˜[01m[Kconst[m[Kâ€™
[8.762s] [01m[K/home/mohamad/Inmind/Robotics-Session9-Assignment/Session9_ros2_ws/src/robot_navigation/src/lap_time_client.h:21:9:[m[K [01;31m[Kerror: [m[Kclass template placeholder â€˜[01m[Kstd::shared_ptr[m[Kâ€™ not permitted in this context
[8.762s]    21 |         [01;31m[Kconst[m[K std::shared_ptr<const MeasureLapTime::Feedback> feedback);
[8.762s]       |         [01;31m[K^~~~~[m[K
[8.762s] [01m[K/home/mohamad/Inmind/Robotics-Session9-Assignment/Session9_ros2_ws/src/robot_navigation/src/lap_time_client.h:22:64:[m[K [01;31m[Kerror: [m[Kâ€˜[01m[KMeasureLapTime[m[Kâ€™ was not declared in this scope; did you mean â€˜[01m[Kcustom_interfaces::action::MeasureLapTime[m[Kâ€™?
[8.762s]    22 |     void result_callback(const rclcpp_action::ClientGoalHandle<[01;31m[KMeasureLapTime[m[K>::WrappedResult & result);
[8.762s]       |                                                                [01;31m[K^~~~~~~~~~~~~~[m[K
[8.762s]       |                                                                [32m[Kcustom_interfaces::action::MeasureLapTime[m[K
[8.763s] In file included from [01m[K/home/mohamad/Inmind/Robotics-Session9-Assignment/Session9_ros2_ws/build/custom_interfaces/rosidl_generator_cpp/custom_interfaces/action/measure_lap_time.hpp:7[m[K,
[8.763s]                  from [01m[K/home/mohamad/Inmind/Robotics-Session9-Assignment/Session9_ros2_ws/src/robot_navigation/src/lap_time_client.h:3[m[K,
[8.763s]                  from [01m[K/home/mohamad/Inmind/Robotics-Session9-Assignment/Session9_ros2_ws/src/robot_navigation/src/lap_time_client.cpp:1[m[K:
[8.763s] [01m[K/home/mohamad/Inmind/Robotics-Session9-Assignment/Session9_ros2_ws/build/custom_interfaces/rosidl_generator_cpp/custom_interfaces/action/detail/measure_lap_time__struct.hpp:1050:31:[m[K [01;36m[Knote: [m[Kâ€˜[01m[Kcustom_interfaces::action::MeasureLapTime[m[Kâ€™ declared here
[8.763s]  1050 | typedef struct MeasureLapTime [01;36m[KMeasureLapTime[m[K;
[8.763s]       |                               [01;36m[K^~~~~~~~~~~~~~[m[K
[8.763s] In file included from [01m[K/home/mohamad/Inmind/Robotics-Session9-Assignment/Session9_ros2_ws/src/robot_navigation/src/lap_time_client.cpp:1[m[K:
[8.763s] [01m[K/home/mohamad/Inmind/Robotics-Session9-Assignment/Session9_ros2_ws/src/robot_navigation/src/lap_time_client.h:22:78:[m[K [01;31m[Kerror: [m[Ktemplate argument 1 is invalid
[8.763s]    22 |     void result_callback(const rclcpp_action::ClientGoalHandle<MeasureLapTime[01;31m[K>[m[K::WrappedResult & result);
[8.763s]       |                                                                              [01;31m[K^[m[K
[8.763s] [01m[K/home/mohamad/Inmind/Robotics-Session9-Assignment/Session9_ros2_ws/src/robot_navigation/src/lap_time_client.h:22:95:[m[K [01;31m[Kerror: [m[Kexpected â€˜[01m[K,[m[Kâ€™ or â€˜[01m[K...[m[Kâ€™ before â€˜[01m[K&[m[Kâ€™ token
[8.763s]    22 |     void result_callback(const rclcpp_action::ClientGoalHandle<MeasureLapTime>::WrappedResult [01;31m[K&[m[K result);
[8.763s]       |                                                                                               [01;31m[K^[m[K
[8.763s] [01m[K/home/mohamad/Inmind/Robotics-Session9-Assignment/Session9_ros2_ws/src/robot_navigation/src/lap_time_client.h:[m[K In constructor â€˜[01m[KLapTimeClient::LapTimeClient(const rclcpp::NodeOptions&)[m[Kâ€™:
[8.763s] [01m[K/home/mohamad/Inmind/Robotics-Session9-Assignment/Session9_ros2_ws/src/robot_navigation/src/lap_time_client.h:11:39:[m[K [01;31m[Kerror: [m[Kexpected â€˜[01m[K{[m[Kâ€™ at end of input
[8.763s]    11 |     : Node("lap_time_client", options)[01;31m[K;[m[K
[8.763s]       |                                       [01;31m[K^[m[K
[8.764s] [01m[K/home/mohamad/Inmind/Robotics-Session9-Assignment/Session9_ros2_ws/src/robot_navigation/src/lap_time_client.cpp:[m[K At global scope:
[8.764s] [01m[K/home/mohamad/Inmind/Robotics-Session9-Assignment/Session9_ros2_ws/src/robot_navigation/src/lap_time_client.cpp:3:5:[m[K [01;31m[Kerror: [m[Kâ€˜[01m[Kexplicit[m[Kâ€™ outside class declaration
[8.764s]     3 |     [01;31m[Kexplicit[m[K LapTimeClient::LapTimeClient(const rclcpp::NodeOptions & options = rclcpp::NodeOptions())
[8.764s]       |     [01;31m[K^~~~~~~~[m[K
[8.764s] [01m[K/home/mohamad/Inmind/Robotics-Session9-Assignment/Session9_ros2_ws/src/robot_navigation/src/lap_time_client.cpp:3:14:[m[K [01;31m[Kerror: [m[Kredefinition of â€˜[01m[KLapTimeClient::LapTimeClient(const rclcpp::NodeOptions&)[m[Kâ€™
[8.764s]     3 |     explicit [01;31m[KLapTimeClient[m[K::LapTimeClient(const rclcpp::NodeOptions & options = rclcpp::NodeOptions())
[8.764s]       |              [01;31m[K^~~~~~~~~~~~~[m[K
[8.764s] In file included from [01m[K/home/mohamad/Inmind/Robotics-Session9-Assignment/Session9_ros2_ws/src/robot_navigation/src/lap_time_client.cpp:1[m[K:
[8.764s] [01m[K/home/mohamad/Inmind/Robotics-Session9-Assignment/Session9_ros2_ws/src/robot_navigation/src/lap_time_client.h:10:14:[m[K [01;36m[Knote: [m[Kâ€˜[01m[KLapTimeClient::LapTimeClient(const rclcpp::NodeOptions&)[m[Kâ€™ previously defined here
[8.764s]    10 |     explicit [01;36m[KLapTimeClient[m[K(const rclcpp::NodeOptions & options = rclcpp::NodeOptions())
[8.764s]       |              [01;36m[K^~~~~~~~~~~~~[m[K
[8.779s] [01m[K/home/mohamad/Inmind/Robotics-Session9-Assignment/Session9_ros2_ws/src/robot_navigation/src/lap_time_client.cpp:[m[K In member function â€˜[01m[Kvoid LapTimeClient::send_goal()[m[Kâ€™:
[8.779s] [01m[K/home/mohamad/Inmind/Robotics-Session9-Assignment/Session9_ros2_ws/src/robot_navigation/src/lap_time_client.cpp:21:14:[m[K [01;31m[Kerror: [m[Kâ€˜[01m[Kclient_[m[Kâ€™ was not declared in this scope
[8.779s]    21 |         if (![01;31m[Kclient_[m[K->wait_for_action_server(std::chrono::seconds(5))) {
[8.779s]       |              [01;31m[K^~~~~~~[m[K
[8.780s] [01m[K/home/mohamad/Inmind/Robotics-Session9-Assignment/Session9_ros2_ws/src/robot_navigation/src/lap_time_client.cpp:27:25:[m[K [01;31m[Kerror: [m[Kâ€˜[01m[KMeasureLapTime[m[Kâ€™ has not been declared
[8.780s]    27 |         auto goal_msg = [01;31m[KMeasureLapTime[m[K::Goal();
[8.780s]       |                         [01;31m[K^~~~~~~~~~~~~~[m[K
[8.780s] [01m[K/home/mohamad/Inmind/Robotics-Session9-Assignment/Session9_ros2_ws/src/robot_navigation/src/lap_time_client.cpp:28:67:[m[K [01;31m[Kerror: [m[Kexpected primary-expression before â€˜[01m[K;[m[Kâ€™ token
[8.780s]    28 |         goal_msg.some_field = /* set the appropriate goal field */[01;31m[K;[m[K
[8.780s]       |                                                                   [01;31m[K^[m[K
[8.784s] [01m[K/home/mohamad/Inmind/Robotics-Session9-Assignment/Session9_ros2_ws/src/robot_navigation/src/lap_time_client.cpp:30:35:[m[K [01;31m[Kerror: [m[Kâ€˜[01m[Kclient_[m[Kâ€™ was not declared in this scope
[8.784s]    30 |         auto goal_handle_future = [01;31m[Kclient_[m[K->async_send_goal(
[8.784s]       |                                   [01;31m[K^~~~~~~[m[K
[8.834s] [01m[K/home/mohamad/Inmind/Robotics-Session9-Assignment/Session9_ros2_ws/src/robot_navigation/src/lap_time_client.cpp:[m[K At global scope:
[8.834s] [01m[K/home/mohamad/Inmind/Robotics-Session9-Assignment/Session9_ros2_ws/src/robot_navigation/src/lap_time_client.cpp:38:67:[m[K [01;31m[Kerror: [m[Kâ€˜[01m[KGoalHandleMeasureLapTime[m[Kâ€™ was not declared in this scope
[8.834s]    38 |     void LapTimeClient::goal_response_callback(std::shared_future<[01;31m[KGoalHandleMeasureLapTime[m[K::SharedPtr> future)
[8.834s]       |                                                                   [01;31m[K^~~~~~~~~~~~~~~~~~~~~~~~[m[K
[8.834s] [01m[K/home/mohamad/Inmind/Robotics-Session9-Assignment/Session9_ros2_ws/src/robot_navigation/src/lap_time_client.cpp:38:102:[m[K [01;31m[Kerror: [m[Ktemplate argument 1 is invalid
[8.835s]    38 |     void LapTimeClient::goal_response_callback(std::shared_future<GoalHandleMeasureLapTime::SharedPtr[01;31m[K>[m[K future)
[8.835s]       |                                                                                                      [01;31m[K^[m[K
[8.849s] [01m[K/home/mohamad/Inmind/Robotics-Session9-Assignment/Session9_ros2_ws/src/robot_navigation/src/lap_time_client.cpp:38:67:[m[K [01;31m[Kerror: [m[Kâ€˜[01m[KGoalHandleMeasureLapTime[m[Kâ€™ was not declared in this scope
[8.849s]    38 |     void LapTimeClient::goal_response_callback(std::shared_future<[01;31m[KGoalHandleMeasureLapTime[m[K::SharedPtr> future)
[8.849s]       |                                                                   [01;31m[K^~~~~~~~~~~~~~~~~~~~~~~~[m[K
[8.849s] [01m[K/home/mohamad/Inmind/Robotics-Session9-Assignment/Session9_ros2_ws/src/robot_navigation/src/lap_time_client.cpp:38:102:[m[K [01;31m[Kerror: [m[Ktemplate argument 1 is invalid
[8.849s]    38 |     void LapTimeClient::goal_response_callback(std::shared_future<GoalHandleMeasureLapTime::SharedPtr[01;31m[K>[m[K future)
[8.850s]       |                                                                                                      [01;31m[K^[m[K
[8.861s] [01m[K/home/mohamad/Inmind/Robotics-Session9-Assignment/Session9_ros2_ws/src/robot_navigation/src/lap_time_client.cpp:38:67:[m[K [01;31m[Kerror: [m[Kâ€˜[01m[KGoalHandleMeasureLapTime[m[Kâ€™ was not declared in this scope
[8.861s]    38 |     void LapTimeClient::goal_response_callback(std::shared_future<[01;31m[KGoalHandleMeasureLapTime[m[K::SharedPtr> future)
[8.861s]       |                                                                   [01;31m[K^~~~~~~~~~~~~~~~~~~~~~~~[m[K
[8.862s] [01m[K/home/mohamad/Inmind/Robotics-Session9-Assignment/Session9_ros2_ws/src/robot_navigation/src/lap_time_client.cpp:38:102:[m[K [01;31m[Kerror: [m[Ktemplate argument 1 is invalid
[8.862s]    38 |     void LapTimeClient::goal_response_callback(std::shared_future<GoalHandleMeasureLapTime::SharedPtr[01;31m[K>[m[K future)
[8.862s]       |                                                                                                      [01;31m[K^[m[K
[8.862s] [01m[K/home/mohamad/Inmind/Robotics-Session9-Assignment/Session9_ros2_ws/src/robot_navigation/src/lap_time_client.cpp:38:48:[m[K [01;31m[Kerror: [m[Kinvalid template-id
[8.862s]    38 |     void LapTimeClient::goal_response_callback([01;31m[Kstd[m[K::shared_future<GoalHandleMeasureLapTime::SharedPtr> future)
[8.862s]       |                                                [01;31m[K^~~[m[K
[8.879s] [01m[K/home/mohamad/Inmind/Robotics-Session9-Assignment/Session9_ros2_ws/src/robot_navigation/src/lap_time_client.cpp:38:67:[m[K [01;31m[Kerror: [m[Kâ€˜[01m[KGoalHandleMeasureLapTime[m[Kâ€™ was not declared in this scope
[8.879s]    38 |     void LapTimeClient::goal_response_callback(std::shared_future<[01;31m[KGoalHandleMeasureLapTime[m[K::SharedPtr> future)
[8.879s]       |                                                                   [01;31m[K^~~~~~~~~~~~~~~~~~~~~~~~[m[K
[8.883s] [01m[K/home/mohamad/Inmind/Robotics-Session9-Assignment/Session9_ros2_ws/src/robot_navigation/src/lap_time_client.cpp:38:10:[m[K [01;31m[Kerror: [m[Kvariable or field â€˜[01m[Kgoal_response_callback[m[Kâ€™ declared void
[8.883s]    38 |     void [01;31m[KLapTimeClient[m[K::goal_response_callback(std::shared_future<GoalHandleMeasureLapTime::SharedPtr> future)
[8.883s]       |          [01;31m[K^~~~~~~~~~~~~[m[K
[8.883s] [01m[K/home/mohamad/Inmind/Robotics-Session9-Assignment/Session9_ros2_ws/src/robot_navigation/src/lap_time_client.cpp:38:104:[m[K [01;31m[Kerror: [m[Kmissing template arguments before â€˜[01m[Kfuture[m[Kâ€™
[8.883s]    38 |     void LapTimeClient::goal_response_callback(std::shared_future<GoalHandleMeasureLapTime::SharedPtr> [01;31m[Kfuture[m[K)
[8.883s]       |                                                                                                        [01;31m[K^~~~~~[m[K
[8.893s] [01m[K/home/mohamad/Inmind/Robotics-Session9-Assignment/Session9_ros2_ws/src/robot_navigation/src/lap_time_client.cpp:49:10:[m[K [01;31m[Kerror: [m[Kvariable or field â€˜[01m[Kfeedback_callback[m[Kâ€™ declared void
[8.902s]    49 |     void [01;31m[KLapTimeClient[m[K::feedback_callback(
[8.902s]       |          [01;31m[K^~~~~~~~~~~~~[m[K
[8.902s] [01m[K/home/mohamad/Inmind/Robotics-Session9-Assignment/Session9_ros2_ws/src/robot_navigation/src/lap_time_client.cpp:50:9:[m[K [01;31m[Kerror: [m[Kâ€˜[01m[KGoalHandleMeasureLapTime[m[Kâ€™ has not been declared
[8.902s]    50 |         [01;31m[KGoalHandleMeasureLapTime[m[K::SharedPtr,
[8.902s]       |         [01;31m[K^~~~~~~~~~~~~~~~~~~~~~~~[m[K
[8.902s] [01m[K/home/mohamad/Inmind/Robotics-Session9-Assignment/Session9_ros2_ws/src/robot_navigation/src/lap_time_client.cpp:51:9:[m[K [01;31m[Kerror: [m[Kexpected primary-expression before â€˜[01m[Kconst[m[Kâ€™
[8.903s]    51 |         [01;31m[Kconst[m[K std::shared_ptr<const MeasureLapTime::Feedback> feedback)
[8.903s]       |         [01;31m[K^~~~~[m[K
[8.903s] [01m[K/home/mohamad/Inmind/Robotics-Session9-Assignment/Session9_ros2_ws/src/robot_navigation/src/lap_time_client.cpp:56:79:[m[K [01;31m[Kerror: [m[Kâ€˜[01m[KMeasureLapTime[m[Kâ€™ was not declared in this scope; did you mean â€˜[01m[Kcustom_interfaces::action::MeasureLapTime[m[Kâ€™?
[8.904s]    56 |     void LapTimeClient::result_callback(const rclcpp_action::ClientGoalHandle<[01;31m[KMeasureLapTime[m[K>::WrappedResult & result)
[8.904s]       |                                                                               [01;31m[K^~~~~~~~~~~~~~[m[K
[8.904s]       |                                                                               [32m[Kcustom_interfaces::action::MeasureLapTime[m[K
[8.904s] In file included from [01m[K/home/mohamad/Inmind/Robotics-Session9-Assignment/Session9_ros2_ws/build/custom_interfaces/rosidl_generator_cpp/custom_interfaces/action/measure_lap_time.hpp:7[m[K,
[8.904s]                  from [01m[K/home/mohamad/Inmind/Robotics-Session9-Assignment/Session9_ros2_ws/src/robot_navigation/src/lap_time_client.h:3[m[K,
[8.904s]                  from [01m[K/home/mohamad/Inmind/Robotics-Session9-Assignment/Session9_ros2_ws/src/robot_navigation/src/lap_time_client.cpp:1[m[K:
[8.904s] [01m[K/home/mohamad/Inmind/Robotics-Session9-Assignment/Session9_ros2_ws/build/custom_interfaces/rosidl_generator_cpp/custom_interfaces/action/detail/measure_lap_time__struct.hpp:1050:31:[m[K [01;36m[Knote: [m[Kâ€˜[01m[Kcustom_interfaces::action::MeasureLapTime[m[Kâ€™ declared here
[8.904s]  1050 | typedef struct MeasureLapTime [01;36m[KMeasureLapTime[m[K;
[8.904s]       |                               [01;36m[K^~~~~~~~~~~~~~[m[K
[8.904s] [01m[K/home/mohamad/Inmind/Robotics-Session9-Assignment/Session9_ros2_ws/src/robot_navigation/src/lap_time_client.cpp:56:93:[m[K [01;31m[Kerror: [m[Ktemplate argument 1 is invalid
[8.904s]    56 |     void LapTimeClient::result_callback(const rclcpp_action::ClientGoalHandle<MeasureLapTime[01;31m[K>[m[K::WrappedResult & result)
[8.904s]       |                                                                                             [01;31m[K^[m[K
[8.904s] [01m[K/home/mohamad/Inmind/Robotics-Session9-Assignment/Session9_ros2_ws/src/robot_navigation/src/lap_time_client.cpp:56:110:[m[K [01;31m[Kerror: [m[Kexpected â€˜[01m[K,[m[Kâ€™ or â€˜[01m[K...[m[Kâ€™ before â€˜[01m[K&[m[Kâ€™ token
[8.904s]    56 |     void LapTimeClient::result_callback(const rclcpp_action::ClientGoalHandle<MeasureLapTime>::WrappedResult [01;31m[K&[m[K result)
[8.904s]       |                                                                                                              [01;31m[K^[m[K
[8.908s] [01m[K/home/mohamad/Inmind/Robotics-Session9-Assignment/Session9_ros2_ws/src/robot_navigation/src/lap_time_client.cpp:[m[K In member function â€˜[01m[Kvoid LapTimeClient::result_callback(int)[m[Kâ€™:
[8.908s] [01m[K/home/mohamad/Inmind/Robotics-Session9-Assignment/Session9_ros2_ws/src/robot_navigation/src/lap_time_client.cpp:58:17:[m[K [01;31m[Kerror: [m[Kâ€˜[01m[Kresult[m[Kâ€™ was not declared in this scope
[8.908s]    58 |         switch ([01;31m[Kresult[m[K.code) {
[8.908s]       |                 [01;31m[K^~~~~~[m[K
[8.910s] [01m[K/home/mohamad/Inmind/Robotics-Session9-Assignment/Session9_ros2_ws/src/robot_navigation/src/lap_time_client.cpp:56:96:[m[K [01;35m[Kwarning: [m[Kunused parameter â€˜[01m[KWrappedResult[m[Kâ€™ [[01;35m[K]8;;https://gcc.gnu.org/onlinedocs/gcc/Warning-Options.html#index-Wunused-parameter-Wunused-parameter]8;;[m[K]
[8.911s]    56 |     void LapTimeClient::result_callback([01;35m[Kconst rclcpp_action::ClientGoalHandle<MeasureLapTime>::WrappedResult[m[K & result)
[8.911s]       |                                         [01;35m[K~~~~~~~~~~~~~~~~~~~~~~~~~~~~~~~~~~~~~~~~~~~~~~~~~~~~~~~^~~~~~~~~~~~~[m[K
[9.892s] gmake[2]: *** [CMakeFiles/lap_time_client.dir/build.make:76: CMakeFiles/lap_time_client.dir/src/lap_time_client.cpp.o] Error 1
[9.893s] gmake[1]: *** [CMakeFiles/Makefile2:221: CMakeFiles/lap_time_client.dir/all] Error 2
[9.893s] gmake: *** [Makefile:146: all] Error 2
[9.901s] Invoked command in '/home/mohamad/Inmind/Robotics-Session9-Assignment/Session9_ros2_ws/build/robot_navigation' returned '2': CMAKE_PREFIX_PATH=/home/mohamad/Inmind/Robotics-Session9-Assignment/Session9_ros2_ws/install/custom_interfaces:/home/mohamad/Inmind/Robotics-Session9-Assignment/Session9_ros2_ws/install/robot_navigation:/home/mohamad/Inmind/Robotics-Session7-Assignment/Session7_ros2_ws/install/custom_interfaces:/home/mohamad/Inmind/Robotics-Session6-Assignment/Session6_ros2_ws/install/custom_interfaces:/home/mohamad/Inmind/Robotics-Session7-Assignment/Session7_ros2_ws/install/navigation_robot:/home/mohamad/Inmind/Robotics-Session6-Assignment/Session6_ros2_ws/install/session6_assignment:/home/mohamad/Inmind/ros2_ws/install/session5_academy:/home/mohamad/Inmind/Robotics-Session5-Ros2/session5_ros2_ws/install/session5_assignment:/home/mohamad/ros2_ws/install/my_robot_controller:/opt/ros/humble /usr/bin/cmake --build /home/mohamad/Inmind/Robotics-Session9-Assignment/Session9_ros2_ws/build/robot_navigation -- -j4 -l4
