[ 25%] Built target wall_finder_server
[35m[1mConsolidate compiler generated dependencies of target lap_time_client[0m
[ 37%] [32mBuilding CXX object CMakeFiles/lap_time_client.dir/src/lap_time_client.cpp.o[0m
[01m[K/home/mohamad/Inmind/Robotics-Session9-Assignment/Session9_ros2_ws/src/robot_navigation/src/lap_time_client.cpp:[m[K In member function â€˜[01m[Kvoid LapTimeActionClient::send_goal()[m[Kâ€™:
[01m[K/home/mohamad/Inmind/Robotics-Session9-Assignment/Session9_ros2_ws/src/robot_navigation/src/lap_time_client.cpp:37:21:[m[K [01;31m[Kerror: [m[Kâ€˜[01m[Kusing element_type = class rclcpp_action::ClientGoalHandle<custom_interfaces::action::MeasureLapTime>[m[Kâ€™ {aka â€˜[01m[Kclass rclcpp_action::ClientGoalHandle<custom_interfaces::action::MeasureLapTime>[m[Kâ€™} has no member named â€˜[01m[Kresult_code[m[Kâ€™
   37 |         if (result->[01;31m[Kresult_code[m[K == rclcpp_action::ResultCode::ACCEPTED) {
      |                     [01;31m[K^~~~~~~~~~~[m[K
[01m[K/home/mohamad/Inmind/Robotics-Session9-Assignment/Session9_ros2_ws/src/robot_navigation/src/lap_time_client.cpp:37:63:[m[K [01;31m[Kerror: [m[Kâ€˜[01m[KACCEPTED[m[Kâ€™ is not a member of â€˜[01m[Krclcpp_action::ResultCode[m[Kâ€™
   37 |         if (result->result_code == rclcpp_action::ResultCode::[01;31m[KACCEPTED[m[K) {
      |                                                               [01;31m[K^~~~~~~~[m[K
gmake[2]: *** [CMakeFiles/lap_time_client.dir/build.make:76: CMakeFiles/lap_time_client.dir/src/lap_time_client.cpp.o] Error 1
gmake[1]: *** [CMakeFiles/Makefile2:221: CMakeFiles/lap_time_client.dir/all] Error 2
gmake: *** [Makefile:146: all] Error 2
