[ 25%] Built target wall_finder_server
[35m[1mConsolidate compiler generated dependencies of target lap_time_client[0m
[ 37%] [32mBuilding CXX object CMakeFiles/lap_time_client.dir/src/lap_time_client.cpp.o[0m
[01m[K/home/mohamad/Inmind/Robotics-Session9-Assignment/Session9_ros2_ws/src/robot_navigation/src/lap_time_client.cpp:[m[K In lambda function:
[01m[K/home/mohamad/Inmind/Robotics-Session9-Assignment/Session9_ros2_ws/src/robot_navigation/src/lap_time_client.cpp:25:37:[m[K [01;31m[Kerror: [m[Kcannot convert â€˜[01m[Kshared_ptr<MeasureLapTime_Feedback_<[...]>>[m[Kâ€™ to â€˜[01m[Kshared_ptr<MeasureLapTime_Feedback_<[...]>>[m[Kâ€™
   25 |             this->feedback_callback([01;31m[Kfeedback[m[K);
      |                                     [01;31m[K^~~~~~~~[m[K
      |                                     [01;31m[K|[m[K
      |                                     [01;31m[Kshared_ptr<MeasureLapTime_Feedback_<[...]>>[m[K
In file included from [01m[K/home/mohamad/Inmind/Robotics-Session9-Assignment/Session9_ros2_ws/src/robot_navigation/src/lap_time_client.cpp:1[m[K:
[01m[K/home/mohamad/Inmind/Robotics-Session9-Assignment/Session9_ros2_ws/src/robot_navigation/src/lap_time_client.h:16:86:[m[K [01;36m[Knote: [m[K  initializing argument 1 of â€˜[01m[Kvoid LapTimeActionClient::feedback_callback(std::shared_ptr<custom_interfaces::action::MeasureLapTime_Feedback_<std::allocator<void> > >)[m[Kâ€™
   16 |     void feedback_callback([01;36m[Kconst std::shared_ptr<GoalHandleMeasureLapTime::Feedback> feedback[m[K);
      |                            [01;36m[K~~~~~~~~~~~~~~~~~~~~~~~~~~~~~~~~~~~~~~~~~~~~~~~~~~~~~~~~~~^~~~~~~~[m[K
[01m[K/home/mohamad/Inmind/Robotics-Session9-Assignment/Session9_ros2_ws/src/robot_navigation/src/lap_time_client.cpp:[m[K In member function â€˜[01m[Kvoid LapTimeActionClient::send_goal()[m[Kâ€™:
[01m[K/home/mohamad/Inmind/Robotics-Session9-Assignment/Session9_ros2_ws/src/robot_navigation/src/lap_time_client.cpp:37:21:[m[K [01;31m[Kerror: [m[Kâ€˜[01m[Kusing element_type = class rclcpp_action::ClientGoalHandle<custom_interfaces::action::MeasureLapTime>[m[Kâ€™ {aka â€˜[01m[Kclass rclcpp_action::ClientGoalHandle<custom_interfaces::action::MeasureLapTime>[m[Kâ€™} has no member named â€˜[01m[Kaccepted[m[Kâ€™
   37 |         if (result->[01;31m[Kaccepted[m[K) {
      |                     [01;31m[K^~~~~~~~[m[K
gmake[2]: *** [CMakeFiles/lap_time_client.dir/build.make:76: CMakeFiles/lap_time_client.dir/src/lap_time_client.cpp.o] Error 1
gmake[1]: *** [CMakeFiles/Makefile2:221: CMakeFiles/lap_time_client.dir/all] Error 2
gmake: *** [Makefile:146: all] Error 2
