[0.327s] Invoking command in '/home/mohamad/Inmind/Robotics-Session9-Assignment/Session9_ros2_ws/build/robot_navigation': CMAKE_PREFIX_PATH=/home/mohamad/Inmind/Robotics-Session9-Assignment/Session9_ros2_ws/install/custom_interfaces:/home/mohamad/Inmind/Robotics-Session9-Assignment/Session9_ros2_ws/install/robot_navigation:/home/mohamad/Inmind/Robotics-Session7-Assignment/Session7_ros2_ws/install/custom_interfaces:/home/mohamad/Inmind/Robotics-Session6-Assignment/Session6_ros2_ws/install/custom_interfaces:/home/mohamad/Inmind/Robotics-Session7-Assignment/Session7_ros2_ws/install/navigation_robot:/home/mohamad/Inmind/Robotics-Session6-Assignment/Session6_ros2_ws/install/session6_assignment:/home/mohamad/Inmind/ros2_ws/install/session5_academy:/home/mohamad/Inmind/Robotics-Session5-Ros2/session5_ros2_ws/install/session5_assignment:/home/mohamad/ros2_ws/install/my_robot_controller:/opt/ros/humble /usr/bin/cmake --build /home/mohamad/Inmind/Robotics-Session9-Assignment/Session9_ros2_ws/build/robot_navigation -- -j4 -l4
[1.703s] [ 25%] Built target wall_finder_server
[2.018s] [35m[1mConsolidate compiler generated dependencies of target lap_time_client[0m
[2.050s] [ 37%] [32mBuilding CXX object CMakeFiles/lap_time_client.dir/src/lap_time_client.cpp.o[0m
[10.631s] In file included from [01m[K/home/mohamad/Inmind/Robotics-Session9-Assignment/Session9_ros2_ws/src/robot_navigation/src/lap_time_client.cpp:1[m[K:
[10.631s] [01m[K/home/mohamad/Inmind/Robotics-Session9-Assignment/Session9_ros2_ws/src/robot_navigation/src/lap_time_client.h:7:28:[m[K [01;31m[Kerror: [m[Kâ€˜[01m[Klap_time_server[m[Kâ€™ does not name a type
[10.631s]     7 |     using MeasureLapTime = [01;31m[Klap_time_server[m[K::action::MeasureLapTime;
[10.631s]       |                            [01;31m[K^~~~~~~~~~~~~~~[m[K
[10.633s] [01m[K/home/mohamad/Inmind/Robotics-Session9-Assignment/Session9_ros2_ws/src/robot_navigation/src/lap_time_client.h:8:70:[m[K [01;31m[Kerror: [m[Kâ€˜[01m[KMeasureLapTime[m[Kâ€™ was not declared in this scope; did you mean â€˜[01m[Kcustom_interfaces::action::MeasureLapTime[m[Kâ€™?
[10.633s]     8 |     using GoalHandleMeasureLapTime = rclcpp_action::ClientGoalHandle<[01;31m[KMeasureLapTime[m[K>;
[10.633s]       |                                                                      [01;31m[K^~~~~~~~~~~~~~[m[K
[10.633s]       |                                                                      [32m[Kcustom_interfaces::action::MeasureLapTime[m[K
[10.633s] In file included from [01m[K/home/mohamad/Inmind/Robotics-Session9-Assignment/Session9_ros2_ws/build/custom_interfaces/rosidl_generator_cpp/custom_interfaces/action/measure_lap_time.hpp:7[m[K,
[10.633s]                  from [01m[K/home/mohamad/Inmind/Robotics-Session9-Assignment/Session9_ros2_ws/src/robot_navigation/src/lap_time_client.h:3[m[K,
[10.633s]                  from [01m[K/home/mohamad/Inmind/Robotics-Session9-Assignment/Session9_ros2_ws/src/robot_navigation/src/lap_time_client.cpp:1[m[K:
[10.634s] [01m[K/home/mohamad/Inmind/Robotics-Session9-Assignment/Session9_ros2_ws/build/custom_interfaces/rosidl_generator_cpp/custom_interfaces/action/detail/measure_lap_time__struct.hpp:1050:31:[m[K [01;36m[Knote: [m[Kâ€˜[01m[Kcustom_interfaces::action::MeasureLapTime[m[Kâ€™ declared here
[10.634s]  1050 | typedef struct MeasureLapTime [01;36m[KMeasureLapTime[m[K;
[10.634s]       |                               [01;36m[K^~~~~~~~~~~~~~[m[K
[10.634s] In file included from [01m[K/home/mohamad/Inmind/Robotics-Session9-Assignment/Session9_ros2_ws/src/robot_navigation/src/lap_time_client.cpp:1[m[K:
[10.635s] [01m[K/home/mohamad/Inmind/Robotics-Session9-Assignment/Session9_ros2_ws/src/robot_navigation/src/lap_time_client.h:8:84:[m[K [01;31m[Kerror: [m[Ktemplate argument 1 is invalid
[10.635s]     8 |     using GoalHandleMeasureLapTime = rclcpp_action::ClientGoalHandle<MeasureLapTime[01;31m[K>[m[K;
[10.635s]       |                                                                                    [01;31m[K^[m[K
[10.637s] [01m[K/home/mohamad/Inmind/Robotics-Session9-Assignment/Session9_ros2_ws/src/robot_navigation/src/lap_time_client.h:14:27:[m[K [01;31m[Kerror: [m[Kâ€˜[01m[KMeasureLapTime[m[Kâ€™ was not declared in this scope; did you mean â€˜[01m[Kcustom_interfaces::action::MeasureLapTime[m[Kâ€™?
[10.637s]    14 |     rclcpp_action::Client<[01;31m[KMeasureLapTime[m[K>::SharedPtr client_;
[10.637s]       |                           [01;31m[K^~~~~~~~~~~~~~[m[K
[10.637s]       |                           [32m[Kcustom_interfaces::action::MeasureLapTime[m[K
[10.637s] In file included from [01m[K/home/mohamad/Inmind/Robotics-Session9-Assignment/Session9_ros2_ws/build/custom_interfaces/rosidl_generator_cpp/custom_interfaces/action/measure_lap_time.hpp:7[m[K,
[10.637s]                  from [01m[K/home/mohamad/Inmind/Robotics-Session9-Assignment/Session9_ros2_ws/src/robot_navigation/src/lap_time_client.h:3[m[K,
[10.637s]                  from [01m[K/home/mohamad/Inmind/Robotics-Session9-Assignment/Session9_ros2_ws/src/robot_navigation/src/lap_time_client.cpp:1[m[K:
[10.638s] [01m[K/home/mohamad/Inmind/Robotics-Session9-Assignment/Session9_ros2_ws/build/custom_interfaces/rosidl_generator_cpp/custom_interfaces/action/detail/measure_lap_time__struct.hpp:1050:31:[m[K [01;36m[Knote: [m[Kâ€˜[01m[Kcustom_interfaces::action::MeasureLapTime[m[Kâ€™ declared here
[10.638s]  1050 | typedef struct MeasureLapTime [01;36m[KMeasureLapTime[m[K;
[10.638s]       |                               [01;36m[K^~~~~~~~~~~~~~[m[K
[10.638s] In file included from [01m[K/home/mohamad/Inmind/Robotics-Session9-Assignment/Session9_ros2_ws/src/robot_navigation/src/lap_time_client.cpp:1[m[K:
[10.638s] [01m[K/home/mohamad/Inmind/Robotics-Session9-Assignment/Session9_ros2_ws/src/robot_navigation/src/lap_time_client.h:14:41:[m[K [01;31m[Kerror: [m[Ktemplate argument 1 is invalid
[10.638s]    14 |     rclcpp_action::Client<MeasureLapTime[01;31m[K>[m[K::SharedPtr client_;
[10.638s]       |                                         [01;31m[K^[m[K
[10.640s] [01m[K/home/mohamad/Inmind/Robotics-Session9-Assignment/Session9_ros2_ws/src/robot_navigation/src/lap_time_client.h:14:44:[m[K [01;31m[Kerror: [m[Kexpected â€˜[01m[K;[m[Kâ€™ at end of member declaration
[10.640s]    14 |     rclcpp_action::Client<MeasureLapTime>::[01;31m[KSharedPtr[m[K client_;
[10.640s]       |                                            [01;31m[K^~~~~~~~~[m[K
[10.640s]       |                                                     [32m[K;[m[K
[10.644s] [01m[K/home/mohamad/Inmind/Robotics-Session9-Assignment/Session9_ros2_ws/src/robot_navigation/src/lap_time_client.h:14:54:[m[K [01;31m[Kerror: [m[Kâ€˜[01m[Kclient_[m[Kâ€™ does not name a type
[10.644s]    14 |     rclcpp_action::Client<MeasureLapTime>::SharedPtr [01;31m[Kclient_[m[K;
[10.644s]       |                                                      [01;31m[K^~~~~~~[m[K
[10.664s] [01m[K/home/mohamad/Inmind/Robotics-Session9-Assignment/Session9_ros2_ws/src/robot_navigation/src/lap_time_client.h:18:52:[m[K [01;31m[Kerror: [m[Kâ€˜[01m[KGoalHandleMeasureLapTime[m[Kâ€™ was not declared in this scope
[10.664s]    18 |     void goal_response_callback(std::shared_future<[01;31m[KGoalHandleMeasureLapTime[m[K::SharedPtr> future);
[10.664s]       |                                                    [01;31m[K^~~~~~~~~~~~~~~~~~~~~~~~[m[K
[10.664s] [01m[K/home/mohamad/Inmind/Robotics-Session9-Assignment/Session9_ros2_ws/src/robot_navigation/src/lap_time_client.h:18:87:[m[K [01;31m[Kerror: [m[Ktemplate argument 1 is invalid
[10.664s]    18 |     void goal_response_callback(std::shared_future<GoalHandleMeasureLapTime::SharedPtr[01;31m[K>[m[K future);
[10.664s]       |                                                                                       [01;31m[K^[m[K
[10.680s] [01m[K/home/mohamad/Inmind/Robotics-Session9-Assignment/Session9_ros2_ws/src/robot_navigation/src/lap_time_client.h:18:52:[m[K [01;31m[Kerror: [m[Kâ€˜[01m[KGoalHandleMeasureLapTime[m[Kâ€™ was not declared in this scope
[10.680s]    18 |     void goal_response_callback(std::shared_future<[01;31m[KGoalHandleMeasureLapTime[m[K::SharedPtr> future);
[10.680s]       |                                                    [01;31m[K^~~~~~~~~~~~~~~~~~~~~~~~[m[K
[10.680s] [01m[K/home/mohamad/Inmind/Robotics-Session9-Assignment/Session9_ros2_ws/src/robot_navigation/src/lap_time_client.h:18:87:[m[K [01;31m[Kerror: [m[Ktemplate argument 1 is invalid
[10.680s]    18 |     void goal_response_callback(std::shared_future<GoalHandleMeasureLapTime::SharedPtr[01;31m[K>[m[K future);
[10.681s]       |                                                                                       [01;31m[K^[m[K
[10.741s] [01m[K/home/mohamad/Inmind/Robotics-Session9-Assignment/Session9_ros2_ws/src/robot_navigation/src/lap_time_client.h:18:52:[m[K [01;31m[Kerror: [m[Kâ€˜[01m[KGoalHandleMeasureLapTime[m[Kâ€™ was not declared in this scope
[10.742s]    18 |     void goal_response_callback(std::shared_future<[01;31m[KGoalHandleMeasureLapTime[m[K::SharedPtr> future);
[10.742s]       |                                                    [01;31m[K^~~~~~~~~~~~~~~~~~~~~~~~[m[K
[10.742s] [01m[K/home/mohamad/Inmind/Robotics-Session9-Assignment/Session9_ros2_ws/src/robot_navigation/src/lap_time_client.h:18:87:[m[K [01;31m[Kerror: [m[Ktemplate argument 1 is invalid
[10.742s]    18 |     void goal_response_callback(std::shared_future<GoalHandleMeasureLapTime::SharedPtr[01;31m[K>[m[K future);
[10.742s]       |                                                                                       [01;31m[K^[m[K
[10.742s] [01m[K/home/mohamad/Inmind/Robotics-Session9-Assignment/Session9_ros2_ws/src/robot_navigation/src/lap_time_client.h:18:33:[m[K [01;31m[Kerror: [m[Kinvalid template-id
[10.742s]    18 |     void goal_response_callback([01;31m[Kstd[m[K::shared_future<GoalHandleMeasureLapTime::SharedPtr> future);
[10.742s]       |                                 [01;31m[K^~~[m[K
[10.742s] [01m[K/home/mohamad/Inmind/Robotics-Session9-Assignment/Session9_ros2_ws/src/robot_navigation/src/lap_time_client.h:18:52:[m[K [01;31m[Kerror: [m[Kâ€˜[01m[KGoalHandleMeasureLapTime[m[Kâ€™ has not been declared
[10.742s]    18 |     void goal_response_callback(std::shared_future<[01;31m[KGoalHandleMeasureLapTime[m[K::SharedPtr> future);
[10.742s]       |                                                    [01;31m[K^~~~~~~~~~~~~~~~~~~~~~~~[m[K
[10.742s] [01m[K/home/mohamad/Inmind/Robotics-Session9-Assignment/Session9_ros2_ws/src/robot_navigation/src/lap_time_client.h:18:33:[m[K [01;31m[Kerror: [m[Kclass template placeholder â€˜[01m[Kstd::shared_future[m[Kâ€™ not permitted in this context
[10.742s]    18 |     void goal_response_callback([01;31m[Kstd[m[K::shared_future<GoalHandleMeasureLapTime::SharedPtr> future);
[10.742s]       |                                 [01;31m[K^~~[m[K
[10.742s] [01m[K/home/mohamad/Inmind/Robotics-Session9-Assignment/Session9_ros2_ws/src/robot_navigation/src/lap_time_client.h:20:9:[m[K [01;31m[Kerror: [m[Kâ€˜[01m[KGoalHandleMeasureLapTime[m[Kâ€™ has not been declared
[10.743s]    20 |         [01;31m[KGoalHandleMeasureLapTime[m[K::SharedPtr,
[10.743s]       |         [01;31m[K^~~~~~~~~~~~~~~~~~~~~~~~[m[K
[10.923s] [01m[K/home/mohamad/Inmind/Robotics-Session9-Assignment/Session9_ros2_ws/src/robot_navigation/src/lap_time_client.h:21:51:[m[K [01;31m[Kerror: [m[KISO C++ forbids declaration of â€˜[01m[Ktype name[m[Kâ€™ with no type [[01;31m[K]8;;https://gcc.gnu.org/onlinedocs/gcc/Warning-Options.html#index-fpermissive-fpermissive]8;;[m[K]
[10.925s]    21 |         const std::shared_ptr<const MeasureLapTime[01;31m[K::[m[KFeedback> feedback);
[10.925s]       |                                                   [01;31m[K^~[m[K
[10.925s] [01m[K/home/mohamad/Inmind/Robotics-Session9-Assignment/Session9_ros2_ws/src/robot_navigation/src/lap_time_client.h:21:61:[m[K [01;31m[Kerror: [m[Ktemplate argument 1 is invalid
[10.925s]    21 |         const std::shared_ptr<const MeasureLapTime::Feedback[01;31m[K>[m[K feedback);
[10.926s]       |                                                             [01;31m[K^[m[K
[10.926s] [01m[K/home/mohamad/Inmind/Robotics-Session9-Assignment/Session9_ros2_ws/src/robot_navigation/src/lap_time_client.h:21:51:[m[K [01;31m[Kerror: [m[KISO C++ forbids declaration of â€˜[01m[Ktype name[m[Kâ€™ with no type [[01;31m[K]8;;https://gcc.gnu.org/onlinedocs/gcc/Warning-Options.html#index-fpermissive-fpermissive]8;;[m[K]
[10.926s]    21 |         const std::shared_ptr<const MeasureLapTime[01;31m[K::[m[KFeedback> feedback);
[10.926s]       |                                                   [01;31m[K^~[m[K
[10.926s] [01m[K/home/mohamad/Inmind/Robotics-Session9-Assignment/Session9_ros2_ws/src/robot_navigation/src/lap_time_client.h:21:61:[m[K [01;31m[Kerror: [m[Ktemplate argument 1 is invalid
[10.926s]    21 |         const std::shared_ptr<const MeasureLapTime::Feedback[01;31m[K>[m[K feedback);
[10.926s]       |                                                             [01;31m[K^[m[K
[10.926s] [01m[K/home/mohamad/Inmind/Robotics-Session9-Assignment/Session9_ros2_ws/src/robot_navigation/src/lap_time_client.h:21:51:[m[K [01;31m[Kerror: [m[KISO C++ forbids declaration of â€˜[01m[Ktype name[m[Kâ€™ with no type [[01;31m[K]8;;https://gcc.gnu.org/onlinedocs/gcc/Warning-Options.html#index-fpermissive-fpermissive]8;;[m[K]
[10.926s]    21 |         const std::shared_ptr<const MeasureLapTime[01;31m[K::[m[KFeedback> feedback);
[10.926s]       |                                                   [01;31m[K^~[m[K
[10.926s] [01m[K/home/mohamad/Inmind/Robotics-Session9-Assignment/Session9_ros2_ws/src/robot_navigation/src/lap_time_client.h:21:61:[m[K [01;31m[Kerror: [m[Ktemplate argument 1 is invalid
[10.926s]    21 |         const std::shared_ptr<const MeasureLapTime::Feedback[01;31m[K>[m[K feedback);
[10.926s]       |                                                             [01;31m[K^[m[K
[10.926s] [01m[K/home/mohamad/Inmind/Robotics-Session9-Assignment/Session9_ros2_ws/src/robot_navigation/src/lap_time_client.h:21:15:[m[K [01;31m[Kerror: [m[Kinvalid template-id
[10.927s]    21 |         const [01;31m[Kstd[m[K::shared_ptr<const MeasureLapTime::Feedback> feedback);
[10.928s]       |               [01;31m[K^~~[m[K
[10.928s] [01m[K/home/mohamad/Inmind/Robotics-Session9-Assignment/Session9_ros2_ws/src/robot_navigation/src/lap_time_client.h:21:51:[m[K [01;31m[Kerror: [m[KISO C++ forbids declaration of â€˜[01m[Ktype name[m[Kâ€™ with no type [[01;31m[K]8;;https://gcc.gnu.org/onlinedocs/gcc/Warning-Options.html#index-fpermissive-fpermissive]8;;[m[K]
[10.928s]    21 |         const std::shared_ptr<const MeasureLapTime[01;31m[K::[m[KFeedback> feedback);
[10.928s]       |                                                   [01;31m[K^~[m[K
[10.928s] [01m[K/home/mohamad/Inmind/Robotics-Session9-Assignment/Session9_ros2_ws/src/robot_navigation/src/lap_time_client.h:21:31:[m[K [01;31m[Kerror: [m[Kexpected primary-expression before â€˜[01m[Kconst[m[Kâ€™
[10.928s]    21 |         const std::shared_ptr<[01;31m[Kconst[m[K MeasureLapTime::Feedback> feedback);
[10.928s]       |                               [01;31m[K^~~~~[m[K
[10.928s] [01m[K/home/mohamad/Inmind/Robotics-Session9-Assignment/Session9_ros2_ws/src/robot_navigation/src/lap_time_client.h:21:31:[m[K [01;31m[Kerror: [m[Kexpected â€˜[01m[K>[m[Kâ€™ before â€˜[01m[Kconst[m[Kâ€™
[10.928s] [01m[K/home/mohamad/Inmind/Robotics-Session9-Assignment/Session9_ros2_ws/src/robot_navigation/src/lap_time_client.h:21:9:[m[K [01;31m[Kerror: [m[Kclass template placeholder â€˜[01m[Kstd::shared_ptr[m[Kâ€™ not permitted in this context
[10.928s]    21 |         [01;31m[Kconst[m[K std::shared_ptr<const MeasureLapTime::Feedback> feedback);
[10.928s]       |         [01;31m[K^~~~~[m[K
[10.928s] [01m[K/home/mohamad/Inmind/Robotics-Session9-Assignment/Session9_ros2_ws/src/robot_navigation/src/lap_time_client.h:22:64:[m[K [01;31m[Kerror: [m[Kâ€˜[01m[KMeasureLapTime[m[Kâ€™ was not declared in this scope; did you mean â€˜[01m[Kcustom_interfaces::action::MeasureLapTime[m[Kâ€™?
[10.928s]    22 |     void result_callback(const rclcpp_action::ClientGoalHandle<[01;31m[KMeasureLapTime[m[K>::WrappedResult & result);
[10.928s]       |                                                                [01;31m[K^~~~~~~~~~~~~~[m[K
[10.929s]       |                                                                [32m[Kcustom_interfaces::action::MeasureLapTime[m[K
[10.929s] In file included from [01m[K/home/mohamad/Inmind/Robotics-Session9-Assignment/Session9_ros2_ws/build/custom_interfaces/rosidl_generator_cpp/custom_interfaces/action/measure_lap_time.hpp:7[m[K,
[10.929s]                  from [01m[K/home/mohamad/Inmind/Robotics-Session9-Assignment/Session9_ros2_ws/src/robot_navigation/src/lap_time_client.h:3[m[K,
[10.929s]                  from [01m[K/home/mohamad/Inmind/Robotics-Session9-Assignment/Session9_ros2_ws/src/robot_navigation/src/lap_time_client.cpp:1[m[K:
[10.929s] [01m[K/home/mohamad/Inmind/Robotics-Session9-Assignment/Session9_ros2_ws/build/custom_interfaces/rosidl_generator_cpp/custom_interfaces/action/detail/measure_lap_time__struct.hpp:1050:31:[m[K [01;36m[Knote: [m[Kâ€˜[01m[Kcustom_interfaces::action::MeasureLapTime[m[Kâ€™ declared here
[10.929s]  1050 | typedef struct MeasureLapTime [01;36m[KMeasureLapTime[m[K;
[10.929s]       |                               [01;36m[K^~~~~~~~~~~~~~[m[K
[10.929s] In file included from [01m[K/home/mohamad/Inmind/Robotics-Session9-Assignment/Session9_ros2_ws/src/robot_navigation/src/lap_time_client.cpp:1[m[K:
[10.929s] [01m[K/home/mohamad/Inmind/Robotics-Session9-Assignment/Session9_ros2_ws/src/robot_navigation/src/lap_time_client.h:22:78:[m[K [01;31m[Kerror: [m[Ktemplate argument 1 is invalid
[10.929s]    22 |     void result_callback(const rclcpp_action::ClientGoalHandle<MeasureLapTime[01;31m[K>[m[K::WrappedResult & result);
[10.929s]       |                                                                              [01;31m[K^[m[K
[10.929s] [01m[K/home/mohamad/Inmind/Robotics-Session9-Assignment/Session9_ros2_ws/src/robot_navigation/src/lap_time_client.h:22:95:[m[K [01;31m[Kerror: [m[Kexpected â€˜[01m[K,[m[Kâ€™ or â€˜[01m[K...[m[Kâ€™ before â€˜[01m[K&[m[Kâ€™ token
[10.929s]    22 |     void result_callback(const rclcpp_action::ClientGoalHandle<MeasureLapTime>::WrappedResult [01;31m[K&[m[K result);
[10.929s]       |                                                                                               [01;31m[K^[m[K
[10.929s] [01m[K/home/mohamad/Inmind/Robotics-Session9-Assignment/Session9_ros2_ws/src/robot_navigation/src/lap_time_client.h:[m[K In constructor â€˜[01m[KLapTimeClient::LapTimeClient(const rclcpp::NodeOptions&)[m[Kâ€™:
[10.930s] [01m[K/home/mohamad/Inmind/Robotics-Session9-Assignment/Session9_ros2_ws/src/robot_navigation/src/lap_time_client.h:11:39:[m[K [01;31m[Kerror: [m[Kexpected â€˜[01m[K{[m[Kâ€™ at end of input
[10.930s]    11 |     : Node("lap_time_client", options)[01;31m[K;[m[K
[10.930s]       |                                       [01;31m[K^[m[K
[10.930s] [01m[K/home/mohamad/Inmind/Robotics-Session9-Assignment/Session9_ros2_ws/src/robot_navigation/src/lap_time_client.cpp:[m[K At global scope:
[10.930s] [01m[K/home/mohamad/Inmind/Robotics-Session9-Assignment/Session9_ros2_ws/src/robot_navigation/src/lap_time_client.cpp:3:5:[m[K [01;31m[Kerror: [m[Kâ€˜[01m[Kexplicit[m[Kâ€™ outside class declaration
[10.930s]     3 |     [01;31m[Kexplicit[m[K LapTimeClient::LapTimeClient(const rclcpp::NodeOptions & options = rclcpp::NodeOptions())
[10.930s]       |     [01;31m[K^~~~~~~~[m[K
[10.930s] [01m[K/home/mohamad/Inmind/Robotics-Session9-Assignment/Session9_ros2_ws/src/robot_navigation/src/lap_time_client.cpp:3:14:[m[K [01;31m[Kerror: [m[Kredefinition of â€˜[01m[KLapTimeClient::LapTimeClient(const rclcpp::NodeOptions&)[m[Kâ€™
[10.930s]     3 |     explicit [01;31m[KLapTimeClient[m[K::LapTimeClient(const rclcpp::NodeOptions & options = rclcpp::NodeOptions())
[10.930s]       |              [01;31m[K^~~~~~~~~~~~~[m[K
[10.930s] In file included from [01m[K/home/mohamad/Inmind/Robotics-Session9-Assignment/Session9_ros2_ws/src/robot_navigation/src/lap_time_client.cpp:1[m[K:
[10.930s] [01m[K/home/mohamad/Inmind/Robotics-Session9-Assignment/Session9_ros2_ws/src/robot_navigation/src/lap_time_client.h:10:14:[m[K [01;36m[Knote: [m[Kâ€˜[01m[KLapTimeClient::LapTimeClient(const rclcpp::NodeOptions&)[m[Kâ€™ previously defined here
[10.930s]    10 |     explicit [01;36m[KLapTimeClient[m[K(const rclcpp::NodeOptions & options = rclcpp::NodeOptions())
[10.930s]       |              [01;36m[K^~~~~~~~~~~~~[m[K
[10.934s] [01m[K/home/mohamad/Inmind/Robotics-Session9-Assignment/Session9_ros2_ws/src/robot_navigation/src/lap_time_client.cpp:[m[K In member function â€˜[01m[Kvoid LapTimeClient::send_goal()[m[Kâ€™:
[10.934s] [01m[K/home/mohamad/Inmind/Robotics-Session9-Assignment/Session9_ros2_ws/src/robot_navigation/src/lap_time_client.cpp:21:14:[m[K [01;31m[Kerror: [m[Kâ€˜[01m[Kclient_[m[Kâ€™ was not declared in this scope
[10.934s]    21 |         if (![01;31m[Kclient_[m[K->wait_for_action_server(std::chrono::seconds(5))) {
[10.934s]       |              [01;31m[K^~~~~~~[m[K
[10.934s] [01m[K/home/mohamad/Inmind/Robotics-Session9-Assignment/Session9_ros2_ws/src/robot_navigation/src/lap_time_client.cpp:27:25:[m[K [01;31m[Kerror: [m[Kâ€˜[01m[KMeasureLapTime[m[Kâ€™ has not been declared
[10.934s]    27 |         auto goal_msg = [01;31m[KMeasureLapTime[m[K::Goal();
[10.934s]       |                         [01;31m[K^~~~~~~~~~~~~~[m[K
[10.934s] [01m[K/home/mohamad/Inmind/Robotics-Session9-Assignment/Session9_ros2_ws/src/robot_navigation/src/lap_time_client.cpp:28:67:[m[K [01;31m[Kerror: [m[Kexpected primary-expression before â€˜[01m[K;[m[Kâ€™ token
[10.934s]    28 |         goal_msg.some_field = /* set the appropriate goal field */[01;31m[K;[m[K
[10.934s]       |                                                                   [01;31m[K^[m[K
[10.940s] [01m[K/home/mohamad/Inmind/Robotics-Session9-Assignment/Session9_ros2_ws/src/robot_navigation/src/lap_time_client.cpp:30:35:[m[K [01;31m[Kerror: [m[Kâ€˜[01m[Kclient_[m[Kâ€™ was not declared in this scope
[10.940s]    30 |         auto goal_handle_future = [01;31m[Kclient_[m[K->async_send_goal(
[10.940s]       |                                   [01;31m[K^~~~~~~[m[K
[11.013s] [01m[K/home/mohamad/Inmind/Robotics-Session9-Assignment/Session9_ros2_ws/src/robot_navigation/src/lap_time_client.cpp:[m[K At global scope:
[11.013s] [01m[K/home/mohamad/Inmind/Robotics-Session9-Assignment/Session9_ros2_ws/src/robot_navigation/src/lap_time_client.cpp:38:67:[m[K [01;31m[Kerror: [m[Kâ€˜[01m[KGoalHandleMeasureLapTime[m[Kâ€™ was not declared in this scope
[11.013s]    38 |     void LapTimeClient::goal_response_callback(std::shared_future<[01;31m[KGoalHandleMeasureLapTime[m[K::SharedPtr> future)
[11.013s]       |                                                                   [01;31m[K^~~~~~~~~~~~~~~~~~~~~~~~[m[K
[11.013s] [01m[K/home/mohamad/Inmind/Robotics-Session9-Assignment/Session9_ros2_ws/src/robot_navigation/src/lap_time_client.cpp:38:102:[m[K [01;31m[Kerror: [m[Ktemplate argument 1 is invalid
[11.013s]    38 |     void LapTimeClient::goal_response_callback(std::shared_future<GoalHandleMeasureLapTime::SharedPtr[01;31m[K>[m[K future)
[11.013s]       |                                                                                                      [01;31m[K^[m[K
[11.038s] [01m[K/home/mohamad/Inmind/Robotics-Session9-Assignment/Session9_ros2_ws/src/robot_navigation/src/lap_time_client.cpp:38:67:[m[K [01;31m[Kerror: [m[Kâ€˜[01m[KGoalHandleMeasureLapTime[m[Kâ€™ was not declared in this scope
[11.038s]    38 |     void LapTimeClient::goal_response_callback(std::shared_future<[01;31m[KGoalHandleMeasureLapTime[m[K::SharedPtr> future)
[11.038s]       |                                                                   [01;31m[K^~~~~~~~~~~~~~~~~~~~~~~~[m[K
[11.038s] [01m[K/home/mohamad/Inmind/Robotics-Session9-Assignment/Session9_ros2_ws/src/robot_navigation/src/lap_time_client.cpp:38:102:[m[K [01;31m[Kerror: [m[Ktemplate argument 1 is invalid
[11.039s]    38 |     void LapTimeClient::goal_response_callback(std::shared_future<GoalHandleMeasureLapTime::SharedPtr[01;31m[K>[m[K future)
[11.039s]       |                                                                                                      [01;31m[K^[m[K
[11.058s] [01m[K/home/mohamad/Inmind/Robotics-Session9-Assignment/Session9_ros2_ws/src/robot_navigation/src/lap_time_client.cpp:38:67:[m[K [01;31m[Kerror: [m[Kâ€˜[01m[KGoalHandleMeasureLapTime[m[Kâ€™ was not declared in this scope
[11.058s]    38 |     void LapTimeClient::goal_response_callback(std::shared_future<[01;31m[KGoalHandleMeasureLapTime[m[K::SharedPtr> future)
[11.058s]       |                                                                   [01;31m[K^~~~~~~~~~~~~~~~~~~~~~~~[m[K
[11.058s] [01m[K/home/mohamad/Inmind/Robotics-Session9-Assignment/Session9_ros2_ws/src/robot_navigation/src/lap_time_client.cpp:38:102:[m[K [01;31m[Kerror: [m[Ktemplate argument 1 is invalid
[11.059s]    38 |     void LapTimeClient::goal_response_callback(std::shared_future<GoalHandleMeasureLapTime::SharedPtr[01;31m[K>[m[K future)
[11.059s]       |                                                                                                      [01;31m[K^[m[K
[11.059s] [01m[K/home/mohamad/Inmind/Robotics-Session9-Assignment/Session9_ros2_ws/src/robot_navigation/src/lap_time_client.cpp:38:48:[m[K [01;31m[Kerror: [m[Kinvalid template-id
[11.059s]    38 |     void LapTimeClient::goal_response_callback([01;31m[Kstd[m[K::shared_future<GoalHandleMeasureLapTime::SharedPtr> future)
[11.059s]       |                                                [01;31m[K^~~[m[K
[11.078s] [01m[K/home/mohamad/Inmind/Robotics-Session9-Assignment/Session9_ros2_ws/src/robot_navigation/src/lap_time_client.cpp:38:67:[m[K [01;31m[Kerror: [m[Kâ€˜[01m[KGoalHandleMeasureLapTime[m[Kâ€™ was not declared in this scope
[11.078s]    38 |     void LapTimeClient::goal_response_callback(std::shared_future<[01;31m[KGoalHandleMeasureLapTime[m[K::SharedPtr> future)
[11.078s]       |                                                                   [01;31m[K^~~~~~~~~~~~~~~~~~~~~~~~[m[K
[11.078s] [01m[K/home/mohamad/Inmind/Robotics-Session9-Assignment/Session9_ros2_ws/src/robot_navigation/src/lap_time_client.cpp:38:10:[m[K [01;31m[Kerror: [m[Kvariable or field â€˜[01m[Kgoal_response_callback[m[Kâ€™ declared void
[11.078s]    38 |     void [01;31m[KLapTimeClient[m[K::goal_response_callback(std::shared_future<GoalHandleMeasureLapTime::SharedPtr> future)
[11.078s]       |          [01;31m[K^~~~~~~~~~~~~[m[K
[11.078s] [01m[K/home/mohamad/Inmind/Robotics-Session9-Assignment/Session9_ros2_ws/src/robot_navigation/src/lap_time_client.cpp:38:104:[m[K [01;31m[Kerror: [m[Kmissing template arguments before â€˜[01m[Kfuture[m[Kâ€™
[11.078s]    38 |     void LapTimeClient::goal_response_callback(std::shared_future<GoalHandleMeasureLapTime::SharedPtr> [01;31m[Kfuture[m[K)
[11.079s]       |                                                                                                        [01;31m[K^~~~~~[m[K
[11.079s] [01m[K/home/mohamad/Inmind/Robotics-Session9-Assignment/Session9_ros2_ws/src/robot_navigation/src/lap_time_client.cpp:49:10:[m[K [01;31m[Kerror: [m[Kvariable or field â€˜[01m[Kfeedback_callback[m[Kâ€™ declared void
[11.079s]    49 |     void [01;31m[KLapTimeClient[m[K::feedback_callback(
[11.079s]       |          [01;31m[K^~~~~~~~~~~~~[m[K
[11.080s] [01m[K/home/mohamad/Inmind/Robotics-Session9-Assignment/Session9_ros2_ws/src/robot_navigation/src/lap_time_client.cpp:50:9:[m[K [01;31m[Kerror: [m[Kâ€˜[01m[KGoalHandleMeasureLapTime[m[Kâ€™ has not been declared
[11.080s]    50 |         [01;31m[KGoalHandleMeasureLapTime[m[K::SharedPtr,
[11.080s]       |         [01;31m[K^~~~~~~~~~~~~~~~~~~~~~~~[m[K
[11.080s] [01m[K/home/mohamad/Inmind/Robotics-Session9-Assignment/Session9_ros2_ws/src/robot_navigation/src/lap_time_client.cpp:51:9:[m[K [01;31m[Kerror: [m[Kexpected primary-expression before â€˜[01m[Kconst[m[Kâ€™
[11.080s]    51 |         [01;31m[Kconst[m[K std::shared_ptr<const MeasureLapTime::Feedback> feedback)
[11.080s]       |         [01;31m[K^~~~~[m[K
[11.080s] [01m[K/home/mohamad/Inmind/Robotics-Session9-Assignment/Session9_ros2_ws/src/robot_navigation/src/lap_time_client.cpp:56:79:[m[K [01;31m[Kerror: [m[Kâ€˜[01m[KMeasureLapTime[m[Kâ€™ was not declared in this scope; did you mean â€˜[01m[Kcustom_interfaces::action::MeasureLapTime[m[Kâ€™?
[11.080s]    56 |     void LapTimeClient::result_callback(const rclcpp_action::ClientGoalHandle<[01;31m[KMeasureLapTime[m[K>::WrappedResult & result)
[11.080s]       |                                                                               [01;31m[K^~~~~~~~~~~~~~[m[K
[11.080s]       |                                                                               [32m[Kcustom_interfaces::action::MeasureLapTime[m[K
[11.080s] In file included from [01m[K/home/mohamad/Inmind/Robotics-Session9-Assignment/Session9_ros2_ws/build/custom_interfaces/rosidl_generator_cpp/custom_interfaces/action/measure_lap_time.hpp:7[m[K,
[11.080s]                  from [01m[K/home/mohamad/Inmind/Robotics-Session9-Assignment/Session9_ros2_ws/src/robot_navigation/src/lap_time_client.h:3[m[K,
[11.080s]                  from [01m[K/home/mohamad/Inmind/Robotics-Session9-Assignment/Session9_ros2_ws/src/robot_navigation/src/lap_time_client.cpp:1[m[K:
[11.080s] [01m[K/home/mohamad/Inmind/Robotics-Session9-Assignment/Session9_ros2_ws/build/custom_interfaces/rosidl_generator_cpp/custom_interfaces/action/detail/measure_lap_time__struct.hpp:1050:31:[m[K [01;36m[Knote: [m[Kâ€˜[01m[Kcustom_interfaces::action::MeasureLapTime[m[Kâ€™ declared here
[11.080s]  1050 | typedef struct MeasureLapTime [01;36m[KMeasureLapTime[m[K;
[11.080s]       |                               [01;36m[K^~~~~~~~~~~~~~[m[K
[11.081s] [01m[K/home/mohamad/Inmind/Robotics-Session9-Assignment/Session9_ros2_ws/src/robot_navigation/src/lap_time_client.cpp:56:93:[m[K [01;31m[Kerror: [m[Ktemplate argument 1 is invalid
[11.081s]    56 |     void LapTimeClient::result_callback(const rclcpp_action::ClientGoalHandle<MeasureLapTime[01;31m[K>[m[K::WrappedResult & result)
[11.081s]       |                                                                                             [01;31m[K^[m[K
[11.081s] [01m[K/home/mohamad/Inmind/Robotics-Session9-Assignment/Session9_ros2_ws/src/robot_navigation/src/lap_time_client.cpp:56:110:[m[K [01;31m[Kerror: [m[Kexpected â€˜[01m[K,[m[Kâ€™ or â€˜[01m[K...[m[Kâ€™ before â€˜[01m[K&[m[Kâ€™ token
[11.081s]    56 |     void LapTimeClient::result_callback(const rclcpp_action::ClientGoalHandle<MeasureLapTime>::WrappedResult [01;31m[K&[m[K result)
[11.081s]       |                                                                                                              [01;31m[K^[m[K
[11.085s] [01m[K/home/mohamad/Inmind/Robotics-Session9-Assignment/Session9_ros2_ws/src/robot_navigation/src/lap_time_client.cpp:[m[K In member function â€˜[01m[Kvoid LapTimeClient::result_callback(int)[m[Kâ€™:
[11.086s] [01m[K/home/mohamad/Inmind/Robotics-Session9-Assignment/Session9_ros2_ws/src/robot_navigation/src/lap_time_client.cpp:58:17:[m[K [01;31m[Kerror: [m[Kâ€˜[01m[Kresult[m[Kâ€™ was not declared in this scope
[11.086s]    58 |         switch ([01;31m[Kresult[m[K.code) {
[11.086s]       |                 [01;31m[K^~~~~~[m[K
[11.087s] [01m[K/home/mohamad/Inmind/Robotics-Session9-Assignment/Session9_ros2_ws/src/robot_navigation/src/lap_time_client.cpp:56:96:[m[K [01;35m[Kwarning: [m[Kunused parameter â€˜[01m[KWrappedResult[m[Kâ€™ [[01;35m[K]8;;https://gcc.gnu.org/onlinedocs/gcc/Warning-Options.html#index-Wunused-parameter-Wunused-parameter]8;;[m[K]
[11.087s]    56 |     void LapTimeClient::result_callback([01;35m[Kconst rclcpp_action::ClientGoalHandle<MeasureLapTime>::WrappedResult[m[K & result)
[11.087s]       |                                         [01;35m[K~~~~~~~~~~~~~~~~~~~~~~~~~~~~~~~~~~~~~~~~~~~~~~~~~~~~~~~^~~~~~~~~~~~~[m[K
[11.956s] gmake[2]: *** [CMakeFiles/lap_time_client.dir/build.make:76: CMakeFiles/lap_time_client.dir/src/lap_time_client.cpp.o] Error 1
[11.956s] gmake[1]: *** [CMakeFiles/Makefile2:221: CMakeFiles/lap_time_client.dir/all] Error 2
[11.958s] gmake: *** [Makefile:146: all] Error 2
[11.963s] Invoked command in '/home/mohamad/Inmind/Robotics-Session9-Assignment/Session9_ros2_ws/build/robot_navigation' returned '2': CMAKE_PREFIX_PATH=/home/mohamad/Inmind/Robotics-Session9-Assignment/Session9_ros2_ws/install/custom_interfaces:/home/mohamad/Inmind/Robotics-Session9-Assignment/Session9_ros2_ws/install/robot_navigation:/home/mohamad/Inmind/Robotics-Session7-Assignment/Session7_ros2_ws/install/custom_interfaces:/home/mohamad/Inmind/Robotics-Session6-Assignment/Session6_ros2_ws/install/custom_interfaces:/home/mohamad/Inmind/Robotics-Session7-Assignment/Session7_ros2_ws/install/navigation_robot:/home/mohamad/Inmind/Robotics-Session6-Assignment/Session6_ros2_ws/install/session6_assignment:/home/mohamad/Inmind/ros2_ws/install/session5_academy:/home/mohamad/Inmind/Robotics-Session5-Ros2/session5_ros2_ws/install/session5_assignment:/home/mohamad/ros2_ws/install/my_robot_controller:/opt/ros/humble /usr/bin/cmake --build /home/mohamad/Inmind/Robotics-Session9-Assignment/Session9_ros2_ws/build/robot_navigation -- -j4 -l4
