[01m[K/home/mohamad/Inmind/Robotics-Session9-Assignment/Session9_ros2_ws/src/robot_navigation/src/lap_time_client.cpp:[m[K In member function â€˜[01m[Kvoid LapTimeActionClient::send_goal()[m[Kâ€™:
[01m[K/home/mohamad/Inmind/Robotics-Session9-Assignment/Session9_ros2_ws/src/robot_navigation/src/lap_time_client.cpp:37:21:[m[K [01;31m[Kerror: [m[Kâ€˜[01m[Kusing element_type = class rclcpp_action::ClientGoalHandle<custom_interfaces::action::MeasureLapTime>[m[Kâ€™ {aka â€˜[01m[Kclass rclcpp_action::ClientGoalHandle<custom_interfaces::action::MeasureLapTime>[m[Kâ€™} has no member named â€˜[01m[Kstatus[m[Kâ€™; did you mean â€˜[01m[Kint8_t rclcpp_action::ClientGoalHandle<custom_interfaces::action::MeasureLapTime>::status_[m[Kâ€™? (not accessible from this context)
   37 |         if (result->[01;31m[Kstatus[m[K == rclcpp_action::ResultStatus::SUCCEEDED) {
      |                     [01;31m[K^~~~~~[m[K
In file included from [01m[K/opt/ros/humble/include/rclcpp_action/rclcpp_action/client.hpp:43[m[K,
                 from [01m[K/opt/ros/humble/include/rclcpp_action/rclcpp_action/rclcpp_action.hpp:36[m[K,
                 from [01m[K/home/mohamad/Inmind/Robotics-Session9-Assignment/Session9_ros2_ws/src/robot_navigation/src/lap_time_client.h:2[m[K,
                 from [01m[K/home/mohamad/Inmind/Robotics-Session9-Assignment/Session9_ros2_ws/src/robot_navigation/src/lap_time_client.cpp:1[m[K:
[01m[K/opt/ros/humble/include/rclcpp_action/rclcpp_action/client_goal_handle.hpp:164:10:[m[K [01;36m[Knote: [m[Kdeclared private here
  164 |   int8_t [01;36m[Kstatus_[m[K{GoalStatus::STATUS_ACCEPTED};
      |          [01;36m[K^~~~~~~[m[K
[01m[K/home/mohamad/Inmind/Robotics-Session9-Assignment/Session9_ros2_ws/src/robot_navigation/src/lap_time_client.cpp:37:46:[m[K [01;31m[Kerror: [m[Kâ€˜[01m[Krclcpp_action::ResultStatus[m[Kâ€™ has not been declared
   37 |         if (result->status == rclcpp_action::[01;31m[KResultStatus[m[K::SUCCEEDED) {
      |                                              [01;31m[K^~~~~~~~~~~~[m[K
gmake[2]: *** [CMakeFiles/lap_time_client.dir/build.make:76: CMakeFiles/lap_time_client.dir/src/lap_time_client.cpp.o] Error 1
gmake[1]: *** [CMakeFiles/Makefile2:221: CMakeFiles/lap_time_client.dir/all] Error 2
gmake: *** [Makefile:146: all] Error 2
